
*******************************************************************************

WELCOME TO n²p², A SOFTWARE PACKAGE FOR NEURAL NETWORK POTENTIALS!
------------------------------------------------------------------

n²p² version      : v2.1.0
------------------------------------------------------------
Git branch        : 
Git revision      : 
Compile date/time : Feb 27 2021 15:57:23
------------------------------------------------------------

Please cite the following papers when publishing results obtained with n²p²:
-------------------------------------------------------------------------------
 * General citation for n²p² and the LAMMPS interface:

 Singraber, A.; Behler, J.; Dellago, C.
 Library-Based LAMMPS Implementation of High-Dimensional
 Neural Network Potentials.
 J. Chem. Theory Comput. 2019 15 (3), 1827–1840.
 https://doi.org/10.1021/acs.jctc.8b00770
-------------------------------------------------------------------------------
 * Additionally, if you use the NNP training features of n²p²:

 Singraber, A.; Morawietz, T.; Behler, J.; Dellago, C.
 Parallel Multistream Training of High-Dimensional Neural
 Network Potentials.
 J. Chem. Theory Comput. 2019, 15 (5), 3075–3092.
 https://doi.org/10.1021/acs.jctc.8b01092
-------------------------------------------------------------------------------
 * Additionally, if polynomial symmetry functions are used:

 Bircher, M. P.; Singraber, A.; Dellago, C.
 Improved Description of Atomic Environments Using Low-Cost
 Polynomial Functions with Compact Support.
 arXiv:2010.14414 [cond-mat, physics:physics] 2020.
 https://arxiv.org/abs/2010.14414
*******************************************************************************

*** SETUP: SETTINGS FILE ******************************************************

Settings file name: input.nn
Read 92 lines.
Found 65 lines with keywords.
This settings file defines a short-range only NNP.
*******************************************************************************

*** SETUP: NORMALIZATION ******************************************************

Data set normalization is not used.
*******************************************************************************

*** SETUP: ELEMENT MAP ********************************************************

Number of element strings found: 2
Element  0:  H (  1)
Element  1:  O (  8)
*******************************************************************************

*** SETUP: ELEMENTS ***********************************************************

Number of elements is consistent: 2
Atomic energy offsets per element:
Element  0:   0.00000000E+00
Element  1:   0.00000000E+00
Energy offsets are automatically subtracted from reference energies.
*******************************************************************************

*** SETUP: CUTOFF FUNCTIONS ***************************************************

Parameter alpha for inner cutoff: 0.000000
Inner cutoff = Symmetry function cutoff * alpha
Equal cutoff function type for all symmetry functions:
CutoffFunction::CT_TANHU (2)
f(r) = tanh^3(1 - r/rc)
*******************************************************************************

*** SETUP: SYMMETRY FUNCTIONS *************************************************

Abbreviations:
--------------
ind .... Symmetry function index.
ec ..... Central atom element.
tp ..... Symmetry function type.
sbtp ... Symmetry function subtype (e.g. cutoff type).
e1 ..... Neighbor 1 element.
e2 ..... Neighbor 2 element.
eta .... Gaussian width eta.
rs/rl... Shift distance of Gaussian or left cutoff radius for polynomial.
angl.... Left cutoff angle for polynomial.
angr.... Right cutoff angle for polynomial.
la ..... Angle prefactor lambda.
zeta ... Angle term exponent zeta.
rc ..... Cutoff radius / right cutoff radius for polynomial.
a ...... Free parameter alpha (e.g. cutoff alpha).
ln ..... Line number in settings file.

Short range atomic symmetry functions element  H :
-------------------------------------------------------------------------------------------------
 ind ec tp sbtp e1 e2       eta      rs/rl         rc   angl   angr la zeta    a    ln
-------------------------------------------------------------------------------------------------
   1  H  2  ct2  H    1.000E-03  0.000E+00  1.200E+01                       0.00    22
   2  H  2  ct2  O    1.000E-03  0.000E+00  1.200E+01                       0.00    32
   3  H  2  ct2  H    1.000E-02  0.000E+00  1.200E+01                       0.00    23
   4  H  2  ct2  O    1.000E-02  0.000E+00  1.200E+01                       0.00    33
   5  H  2  ct2  H    3.000E-02  0.000E+00  1.200E+01                       0.00    24
   6  H  2  ct2  O    3.000E-02  0.000E+00  1.200E+01                       0.00    34
   7  H  2  ct2  H    6.000E-02  0.000E+00  1.200E+01                       0.00    25
   8  H  2  ct2  O    6.000E-02  0.000E+00  1.200E+01                       0.00    35
   9  H  2  ct2  O    1.500E-01  9.000E-01  1.200E+01                       0.00    36
  10  H  2  ct2  H    1.500E-01  1.900E+00  1.200E+01                       0.00    26
  11  H  2  ct2  O    3.000E-01  9.000E-01  1.200E+01                       0.00    37
  12  H  2  ct2  H    3.000E-01  1.900E+00  1.200E+01                       0.00    27
  13  H  2  ct2  O    6.000E-01  9.000E-01  1.200E+01                       0.00    38
  14  H  2  ct2  H    6.000E-01  1.900E+00  1.200E+01                       0.00    28
  15  H  2  ct2  O    1.500E+00  9.000E-01  1.200E+01                       0.00    39
  16  H  2  ct2  H    1.500E+00  1.900E+00  1.200E+01                       0.00    29
  17  H  3  ct2  O  O 1.000E-03  0.000E+00  1.200E+01               -1  4.0 0.00    86
  18  H  3  ct2  O  O 1.000E-03  0.000E+00  1.200E+01                1  4.0 0.00    85
  19  H  3  ct2  H  O 1.000E-02  0.000E+00  1.200E+01               -1  4.0 0.00    76
  20  H  3  ct2  H  O 1.000E-02  0.000E+00  1.200E+01                1  4.0 0.00    74
  21  H  3  ct2  H  O 3.000E-02  0.000E+00  1.200E+01               -1  1.0 0.00    71
  22  H  3  ct2  O  O 3.000E-02  0.000E+00  1.200E+01               -1  1.0 0.00    84
  23  H  3  ct2  H  O 3.000E-02  0.000E+00  1.200E+01                1  1.0 0.00    69
  24  H  3  ct2  O  O 3.000E-02  0.000E+00  1.200E+01                1  1.0 0.00    83
  25  H  3  ct2  H  O 7.000E-02  0.000E+00  1.200E+01               -1  1.0 0.00    66
  26  H  3  ct2  H  O 7.000E-02  0.000E+00  1.200E+01                1  1.0 0.00    64
  27  H  3  ct2  H  O 2.000E-01  0.000E+00  1.200E+01                1  1.0 0.00    61
-------------------------------------------------------------------------------------------------
Short range atomic symmetry functions element  O :
-------------------------------------------------------------------------------------------------
 ind ec tp sbtp e1 e2       eta      rs/rl         rc   angl   angr la zeta    a    ln
-------------------------------------------------------------------------------------------------
   1  O  2  ct2  H    1.000E-03  0.000E+00  1.200E+01                       0.00    41
   2  O  2  ct2  O    1.000E-03  0.000E+00  1.200E+01                       0.00    51
   3  O  2  ct2  H    1.000E-02  0.000E+00  1.200E+01                       0.00    42
   4  O  2  ct2  O    1.000E-02  0.000E+00  1.200E+01                       0.00    52
   5  O  2  ct2  H    3.000E-02  0.000E+00  1.200E+01                       0.00    43
   6  O  2  ct2  O    3.000E-02  0.000E+00  1.200E+01                       0.00    53
   7  O  2  ct2  H    6.000E-02  0.000E+00  1.200E+01                       0.00    44
   8  O  2  ct2  O    6.000E-02  0.000E+00  1.200E+01                       0.00    54
   9  O  2  ct2  H    1.500E-01  9.000E-01  1.200E+01                       0.00    45
  10  O  2  ct2  O    1.500E-01  4.000E+00  1.200E+01                       0.00    55
  11  O  2  ct2  H    3.000E-01  9.000E-01  1.200E+01                       0.00    46
  12  O  2  ct2  O    3.000E-01  4.000E+00  1.200E+01                       0.00    56
  13  O  2  ct2  H    6.000E-01  9.000E-01  1.200E+01                       0.00    47
  14  O  2  ct2  O    6.000E-01  4.000E+00  1.200E+01                       0.00    57
  15  O  2  ct2  H    1.500E+00  9.000E-01  1.200E+01                       0.00    48
  16  O  2  ct2  O    1.500E+00  4.000E+00  1.200E+01                       0.00    58
  17  O  3  ct2  H  O 1.000E-03  0.000E+00  1.200E+01               -1  4.0 0.00    81
  18  O  3  ct2  O  O 1.000E-03  0.000E+00  1.200E+01               -1  4.0 0.00    91
  19  O  3  ct2  H  O 1.000E-03  0.000E+00  1.200E+01                1  4.0 0.00    80
  20  O  3  ct2  O  O 1.000E-03  0.000E+00  1.200E+01                1  4.0 0.00    90
  21  O  3  ct2  H  H 1.000E-02  0.000E+00  1.200E+01               -1  4.0 0.00    75
  22  O  3  ct2  H  H 1.000E-02  0.000E+00  1.200E+01                1  4.0 0.00    73
  23  O  3  ct2  H  H 3.000E-02  0.000E+00  1.200E+01               -1  1.0 0.00    70
  24  O  3  ct2  H  O 3.000E-02  0.000E+00  1.200E+01               -1  1.0 0.00    79
  25  O  3  ct2  O  O 3.000E-02  0.000E+00  1.200E+01               -1  1.0 0.00    89
  26  O  3  ct2  H  H 3.000E-02  0.000E+00  1.200E+01                1  1.0 0.00    68
  27  O  3  ct2  H  O 3.000E-02  0.000E+00  1.200E+01                1  1.0 0.00    78
  28  O  3  ct2  O  O 3.000E-02  0.000E+00  1.200E+01                1  1.0 0.00    88
  29  O  3  ct2  H  H 7.000E-02  0.000E+00  1.200E+01               -1  1.0 0.00    65
  30  O  3  ct2  H  H 7.000E-02  0.000E+00  1.200E+01                1  1.0 0.00    63
-------------------------------------------------------------------------------------------------
Minimum cutoff radius for element  H: 12.000000
Minimum cutoff radius for element  O: 12.000000
Maximum cutoff radius (global)      : 12.000000
*******************************************************************************

*** SETUP: SYMMETRY FUNCTION MEMORY *******************************************

Symmetry function derivatives memory table for element  H :
-------------------------------------------------------------------------------
Relevant symmetry functions for neighbors with element:
-  H:   15 of   27 ( 55.6 %)
-  O:   19 of   27 ( 70.4 %)
-------------------------------------------------------------------------------
Symmetry function derivatives memory table for element  O :
-------------------------------------------------------------------------------
Relevant symmetry functions for neighbors with element:
-  H:   18 of   30 ( 60.0 %)
-  O:   16 of   30 ( 53.3 %)
-------------------------------------------------------------------------------
*******************************************************************************

*** SETUP: SYMMETRY FUNCTION CACHE ********************************************

Element  H: in total 4 caches, used 17.00 times on average.
Element  O: in total 4 caches, used 17.00 times on average.
*******************************************************************************

*** SETUP: SYMMETRY FUNCTION GROUPS *******************************************

Abbreviations:
--------------
ind .... Symmetry function index.
ec ..... Central atom element.
tp ..... Symmetry function type.
sbtp ... Symmetry function subtype (e.g. cutoff type).
e1 ..... Neighbor 1 element.
e2 ..... Neighbor 2 element.
eta .... Gaussian width eta.
rs/rl... Shift distance of Gaussian or left cutoff radius for polynomial.
angl.... Left cutoff angle for polynomial.
angr.... Right cutoff angle for polynomial.
la ..... Angle prefactor lambda.
zeta ... Angle term exponent zeta.
rc ..... Cutoff radius / right cutoff radius for polynomial.
a ...... Free parameter alpha (e.g. cutoff alpha).
ln ..... Line number in settings file.
mi ..... Member index.
sfi .... Symmetry function index.
e ...... Recalculate exponential term.

Short range atomic symmetry function groups element  H :
----------------------------------------------------------------------------------------------------------
 ind ec tp sbtp e1 e2       eta      rs/rl         rc   angl   angr la zeta    a    ln   mi  sfi e
----------------------------------------------------------------------------------------------------------
   1  H  2  ct2  H            *          *  1.200E+01                       0.00     *    *    *  
   -  -  -    -  -    1.000E-03  0.000E+00          -                          -    22    1    1  
   -  -  -    -  -    1.000E-02  0.000E+00          -                          -    23    2    3  
   -  -  -    -  -    3.000E-02  0.000E+00          -                          -    24    3    5  
   -  -  -    -  -    6.000E-02  0.000E+00          -                          -    25    4    7  
   -  -  -    -  -    1.500E-01  1.900E+00          -                          -    26    5   10  
   -  -  -    -  -    3.000E-01  1.900E+00          -                          -    27    6   12  
   -  -  -    -  -    6.000E-01  1.900E+00          -                          -    28    7   14  
   -  -  -    -  -    1.500E+00  1.900E+00          -                          -    29    8   16  
   2  H  2  ct2  O            *          *  1.200E+01                       0.00     *    *    *  
   -  -  -    -  -    1.000E-03  0.000E+00          -                          -    32    1    2  
   -  -  -    -  -    1.000E-02  0.000E+00          -                          -    33    2    4  
   -  -  -    -  -    3.000E-02  0.000E+00          -                          -    34    3    6  
   -  -  -    -  -    6.000E-02  0.000E+00          -                          -    35    4    8  
   -  -  -    -  -    1.500E-01  9.000E-01          -                          -    36    5    9  
   -  -  -    -  -    3.000E-01  9.000E-01          -                          -    37    6   11  
   -  -  -    -  -    6.000E-01  9.000E-01          -                          -    38    7   13  
   -  -  -    -  -    1.500E+00  9.000E-01          -                          -    39    8   15  
   3  H  3  ct2  H  O         *          *  1.200E+01                *    * 0.00     *    *    * *
   -  -  -    -  -  - 1.000E-02  0.000E+00          -               -1  4.0    -    76    1   19 1
   -  -  -    -  -  - 1.000E-02  0.000E+00          -                1  4.0    -    74    2   20 0
   -  -  -    -  -  - 3.000E-02  0.000E+00          -               -1  1.0    -    71    3   21 1
   -  -  -    -  -  - 3.000E-02  0.000E+00          -                1  1.0    -    69    4   23 0
   -  -  -    -  -  - 7.000E-02  0.000E+00          -               -1  1.0    -    66    5   25 1
   -  -  -    -  -  - 7.000E-02  0.000E+00          -                1  1.0    -    64    6   26 0
   -  -  -    -  -  - 2.000E-01  0.000E+00          -                1  1.0    -    61    7   27 1
   4  H  3  ct2  O  O         *          *  1.200E+01                *    * 0.00     *    *    * *
   -  -  -    -  -  - 1.000E-03  0.000E+00          -               -1  4.0    -    86    1   17 1
   -  -  -    -  -  - 1.000E-03  0.000E+00          -                1  4.0    -    85    2   18 0
   -  -  -    -  -  - 3.000E-02  0.000E+00          -               -1  1.0    -    84    3   22 1
   -  -  -    -  -  - 3.000E-02  0.000E+00          -                1  1.0    -    83    4   24 0
----------------------------------------------------------------------------------------------------------
Short range atomic symmetry function groups element  O :
----------------------------------------------------------------------------------------------------------
 ind ec tp sbtp e1 e2       eta      rs/rl         rc   angl   angr la zeta    a    ln   mi  sfi e
----------------------------------------------------------------------------------------------------------
   1  O  2  ct2  H            *          *  1.200E+01                       0.00     *    *    *  
   -  -  -    -  -    1.000E-03  0.000E+00          -                          -    41    1    1  
   -  -  -    -  -    1.000E-02  0.000E+00          -                          -    42    2    3  
   -  -  -    -  -    3.000E-02  0.000E+00          -                          -    43    3    5  
   -  -  -    -  -    6.000E-02  0.000E+00          -                          -    44    4    7  
   -  -  -    -  -    1.500E-01  9.000E-01          -                          -    45    5    9  
   -  -  -    -  -    3.000E-01  9.000E-01          -                          -    46    6   11  
   -  -  -    -  -    6.000E-01  9.000E-01          -                          -    47    7   13  
   -  -  -    -  -    1.500E+00  9.000E-01          -                          -    48    8   15  
   2  O  2  ct2  O            *          *  1.200E+01                       0.00     *    *    *  
   -  -  -    -  -    1.000E-03  0.000E+00          -                          -    51    1    2  
   -  -  -    -  -    1.000E-02  0.000E+00          -                          -    52    2    4  
   -  -  -    -  -    3.000E-02  0.000E+00          -                          -    53    3    6  
   -  -  -    -  -    6.000E-02  0.000E+00          -                          -    54    4    8  
   -  -  -    -  -    1.500E-01  4.000E+00          -                          -    55    5   10  
   -  -  -    -  -    3.000E-01  4.000E+00          -                          -    56    6   12  
   -  -  -    -  -    6.000E-01  4.000E+00          -                          -    57    7   14  
   -  -  -    -  -    1.500E+00  4.000E+00          -                          -    58    8   16  
   3  O  3  ct2  H  H         *          *  1.200E+01                *    * 0.00     *    *    * *
   -  -  -    -  -  - 1.000E-02  0.000E+00          -               -1  4.0    -    75    1   21 1
   -  -  -    -  -  - 1.000E-02  0.000E+00          -                1  4.0    -    73    2   22 0
   -  -  -    -  -  - 3.000E-02  0.000E+00          -               -1  1.0    -    70    3   23 1
   -  -  -    -  -  - 3.000E-02  0.000E+00          -                1  1.0    -    68    4   26 0
   -  -  -    -  -  - 7.000E-02  0.000E+00          -               -1  1.0    -    65    5   29 1
   -  -  -    -  -  - 7.000E-02  0.000E+00          -                1  1.0    -    63    6   30 0
   4  O  3  ct2  H  O         *          *  1.200E+01                *    * 0.00     *    *    * *
   -  -  -    -  -  - 1.000E-03  0.000E+00          -               -1  4.0    -    81    1   17 1
   -  -  -    -  -  - 1.000E-03  0.000E+00          -                1  4.0    -    80    2   19 0
   -  -  -    -  -  - 3.000E-02  0.000E+00          -               -1  1.0    -    79    3   24 1
   -  -  -    -  -  - 3.000E-02  0.000E+00          -                1  1.0    -    78    4   27 0
   5  O  3  ct2  O  O         *          *  1.200E+01                *    * 0.00     *    *    * *
   -  -  -    -  -  - 1.000E-03  0.000E+00          -               -1  4.0    -    91    1   18 1
   -  -  -    -  -  - 1.000E-03  0.000E+00          -                1  4.0    -    90    2   20 0
   -  -  -    -  -  - 3.000E-02  0.000E+00          -               -1  1.0    -    89    3   25 1
   -  -  -    -  -  - 3.000E-02  0.000E+00          -                1  1.0    -    88    4   28 0
----------------------------------------------------------------------------------------------------------
*******************************************************************************

*** SETUP: NEURAL NETWORKS ****************************************************

Normalize neurons (all elements): 0
-------------------------------------------------------------------------------
Atomic short range NN for element  H :
Number of weights    :    960
Number of biases     :     41
Number of connections:   1001
Architecture       27   20   20    1
-------------------------------------------------------------------------------
   1   G   t   t   l
   2   G   t   t    
   3   G   t   t    
   4   G   t   t    
   5   G   t   t    
   6   G   t   t    
   7   G   t   t    
   8   G   t   t    
   9   G   t   t    
  10   G   t   t    
  11   G   t   t    
  12   G   t   t    
  13   G   t   t    
  14   G   t   t    
  15   G   t   t    
  16   G   t   t    
  17   G   t   t    
  18   G   t   t    
  19   G   t   t    
  20   G   t   t    
  21   G            
  22   G            
  23   G            
  24   G            
  25   G            
  26   G            
  27   G            
-------------------------------------------------------------------------------
Atomic short range NN for element  O :
Number of weights    :   1020
Number of biases     :     41
Number of connections:   1061
Architecture       30   20   20    1
-------------------------------------------------------------------------------
   1   G   t   t   l
   2   G   t   t    
   3   G   t   t    
   4   G   t   t    
   5   G   t   t    
   6   G   t   t    
   7   G   t   t    
   8   G   t   t    
   9   G   t   t    
  10   G   t   t    
  11   G   t   t    
  12   G   t   t    
  13   G   t   t    
  14   G   t   t    
  15   G   t   t    
  16   G   t   t    
  17   G   t   t    
  18   G   t   t    
  19   G   t   t    
  20   G   t   t    
  21   G            
  22   G            
  23   G            
  24   G            
  25   G            
  26   G            
  27   G            
  28   G            
  29   G            
  30   G            
-------------------------------------------------------------------------------
*******************************************************************************

*** SETUP: SYMMETRY FUNCTION SCALING ******************************************

Equal scaling type for all symmetry functions:
Scaling type::ST_SCALECENTER (3)
Gs = Smin + (Smax - Smin) * (G - Gmean) / (Gmax - Gmin)
WARNING: Keyword "scale_min_short" not found.
         Default value for Smin = 0.0.
WARNING: Keyword "scale_max_short" not found.
         Default value for Smax = 1.0.
Smin = 0.000000
Smax = 1.000000
Symmetry function scaling statistics from file: scaling.data
-------------------------------------------------------------------------------

Abbreviations:
--------------
ind ..... Symmetry function index.
min ..... Minimum symmetry function value.
max ..... Maximum symmetry function value.
mean .... Mean symmetry function value.
sigma ... Standard deviation of symmetry function values.
sf ...... Scaling factor for derivatives.
Smin .... Desired minimum scaled symmetry function value.
Smax .... Desired maximum scaled symmetry function value.
t ....... Scaling type.

Scaling data for symmetry functions element  H :
-------------------------------------------------------------------------------
 ind       min       max      mean     sigma        sf  Smin  Smax t
-------------------------------------------------------------------------------
   1  7.48E-01  3.34E+00  2.04E+00  0.00E+00  3.86E-01  0.00  1.00 3
   2  6.14E-01  1.82E+00  1.21E+00  0.00E+00  8.26E-01  0.00  1.00 3
   3  4.38E-01  2.56E+00  1.49E+00  0.00E+00  4.71E-01  0.00  1.00 3
   4  4.54E-01  1.44E+00  9.36E-01  0.00E+00  1.01E+00  0.00  1.00 3
   5  1.44E-01  1.58E+00  8.30E-01  0.00E+00  6.96E-01  0.00  1.00 3
   6  1.80E-01  9.71E-01  6.09E-01  0.00E+00  1.26E+00  0.00  1.00 3
   7  3.16E-02  9.71E-01  4.26E-01  0.00E+00  1.06E+00  0.00  1.00 3
   8  4.87E-02  6.62E-01  4.07E-01  0.00E+00  1.63E+00  0.00  1.00 3
   9  6.08E-03  6.16E-01  3.55E-01  0.00E+00  1.64E+00  0.00  1.00 3
  10  1.34E-02  1.18E+00  5.07E-01  0.00E+00  8.56E-01  0.00  1.00 3
  11  8.73E-05  4.81E-01  2.69E-01  0.00E+00  2.08E+00  0.00  1.00 3
  12  4.88E-04  9.89E-01  2.92E-01  0.00E+00  1.01E+00  0.00  1.00 3
  13  2.70E-08  3.42E-01  1.92E-01  0.00E+00  2.93E+00  0.00  1.00 3
  14  9.54E-07  9.02E-01  1.61E-01  0.00E+00  1.11E+00  0.00  1.00 3
  15  0.00E+00  2.44E-01  8.63E-02  0.00E+00  4.10E+00  0.00  1.00 3
  16  0.00E+00  8.11E-01  6.06E-02  0.00E+00  1.23E+00  0.00  1.00 3
  17  8.43E-05  3.95E-02  1.53E-02  0.00E+00  2.54E+01  0.00  1.00 3
  18  2.58E-03  5.66E-02  1.76E-02  0.00E+00  1.85E+01  0.00  1.00 3
  19  1.05E-04  7.30E-02  1.48E-02  0.00E+00  1.37E+01  0.00  1.00 3
  20  1.15E-02  2.75E-01  1.25E-01  0.00E+00  3.80E+00  0.00  1.00 3
  21  3.84E-04  6.96E-02  1.57E-02  0.00E+00  1.44E+01  0.00  1.00 3
  22  5.07E-05  2.82E-02  5.30E-03  0.00E+00  3.55E+01  0.00  1.00 3
  23  2.17E-03  1.79E-01  7.31E-02  0.00E+00  5.65E+00  0.00  1.00 3
  24  1.65E-04  3.12E-02  3.41E-03  0.00E+00  3.22E+01  0.00  1.00 3
  25  8.59E-06  2.94E-02  3.56E-03  0.00E+00  3.40E+01  0.00  1.00 3
  26  6.99E-05  6.13E-02  2.38E-02  0.00E+00  1.63E+01  0.00  1.00 3
  27  3.00E-09  1.32E-02  2.43E-03  0.00E+00  7.59E+01  0.00  1.00 3
-------------------------------------------------------------------------------
Scaling data for symmetry functions element  O :
-------------------------------------------------------------------------------
 ind       min       max      mean     sigma        sf  Smin  Smax t
-------------------------------------------------------------------------------
   1  1.13E+00  3.70E+00  2.42E+00  0.00E+00  3.90E-01  0.00  1.00 3
   2  3.22E-01  1.51E+00  8.52E-01  0.00E+00  8.39E-01  0.00  1.00 3
   3  8.35E-01  2.89E+00  1.87E+00  0.00E+00  4.88E-01  0.00  1.00 3
   4  1.92E-01  1.13E+00  5.81E-01  0.00E+00  1.06E+00  0.00  1.00 3
   5  5.12E-01  1.89E+00  1.22E+00  0.00E+00  7.24E-01  0.00  1.00 3
   6  6.66E-02  6.57E-01  2.70E-01  0.00E+00  1.69E+00  0.00  1.00 3
   7  3.34E-01  1.27E+00  8.14E-01  0.00E+00  1.07E+00  0.00  1.00 3
   8  1.54E-02  3.70E-01  9.80E-02  0.00E+00  2.82E+00  0.00  1.00 3
   9  2.58E-01  1.19E+00  7.10E-01  0.00E+00  1.07E+00  0.00  1.00 3
  10  7.18E-02  9.85E-01  4.19E-01  0.00E+00  1.09E+00  0.00  1.00 3
  11  1.09E-01  9.58E-01  5.37E-01  0.00E+00  1.18E+00  0.00  1.00 3
  12  1.32E-02  7.76E-01  2.80E-01  0.00E+00  1.31E+00  0.00  1.00 3
  13  1.35E-02  7.26E-01  3.83E-01  0.00E+00  1.40E+00  0.00  1.00 3
  14  6.03E-04  5.64E-01  1.57E-01  0.00E+00  1.78E+00  0.00  1.00 3
  15  2.87E-05  4.50E-01  1.73E-01  0.00E+00  2.22E+00  0.00  1.00 3
  16  1.55E-07  4.50E-01  4.48E-02  0.00E+00  2.22E+00  0.00  1.00 3
  17  9.07E-04  4.50E-02  1.34E-02  0.00E+00  2.27E+01  0.00  1.00 3
  18  7.69E-06  1.23E-02  5.57E-04  0.00E+00  8.16E+01  0.00  1.00 3
  19  3.34E-02  3.92E-01  1.64E-01  0.00E+00  2.79E+00  0.00  1.00 3
  20  7.58E-04  3.24E-02  7.81E-03  0.00E+00  3.16E+01  0.00  1.00 3
  21  1.31E-03  9.46E-02  2.77E-02  0.00E+00  1.07E+01  0.00  1.00 3
  22  8.40E-03  1.89E-01  6.08E-02  0.00E+00  5.53E+00  0.00  1.00 3
  23  1.14E-03  1.45E-01  4.51E-02  0.00E+00  6.97E+00  0.00  1.00 3
  24  2.03E-04  3.75E-02  5.38E-03  0.00E+00  2.68E+01  0.00  1.00 3
  25  3.50E-06  5.12E-03  1.71E-04  0.00E+00  1.95E+02  0.00  1.00 3
  26  2.04E-03  1.68E-01  4.38E-02  0.00E+00  6.04E+00  0.00  1.00 3
  27  2.55E-03  1.02E-01  2.94E-02  0.00E+00  1.01E+01  0.00  1.00 3
  28  1.30E-05  5.70E-03  4.82E-04  0.00E+00  1.76E+02  0.00  1.00 3
  29  5.46E-05  6.35E-02  1.61E-02  0.00E+00  1.58E+01  0.00  1.00 3
  30  8.31E-05  7.18E-02  1.13E-02  0.00E+00  1.39E+01  0.00  1.00 3
-------------------------------------------------------------------------------
*******************************************************************************

*** SETUP: NEURAL NETWORK WEIGHTS *********************************************

Short  NN weight file name format: weights.%03zu.data
Setting short  NN weights for element  H from file: weights.001.data
Setting short  NN weights for element  O from file: weights.008.data
*******************************************************************************

*** SETUP: SYMMETRY FUNCTION STATISTICS ***************************************

Equal symmetry function statistics for all elements.
Collect min/max/mean/sigma                        : 0
Collect extrapolation warnings                    : 0
Write extrapolation warnings immediately to stderr: 1
Halt on any extrapolation warning                 : 0
*******************************************************************************

*** PREDICTION ****************************************************************

Reading structure file...
