INPUT and OUTPUT File input_training_correct_cell/input524.in output_training_correct_cell/output524.out
Using input_training_correct_cell/input524.in output_training_correct_cell/output524.out
 HINT in environment.F:814 The compiler target flags (generic) used to build
   this binary cannot exploit all extensions of this CPU model (x86_avx2).
   Consider compiler target flags as part of FCFLAGS and CFLAGS (ARCH file).
INPUT and OUTPUT File input_training_correct_cell/input528.in output_training_correct_cell/output528.out
Using input_training_correct_cell/input528.in output_training_correct_cell/output528.out
 HINT in environment.F:814 The compiler target flags (generic) used to build
   this binary cannot exploit all extensions of this CPU model (x86_avx2).
   Consider compiler target flags as part of FCFLAGS and CFLAGS (ARCH file).
INPUT and OUTPUT File input_training_correct_cell/input532.in output_training_correct_cell/output532.out
Using input_training_correct_cell/input532.in output_training_correct_cell/output532.out
 HINT in environment.F:814 The compiler target flags (generic) used to build
   this binary cannot exploit all extensions of this CPU model (x86_avx2).
   Consider compiler target flags as part of FCFLAGS and CFLAGS (ARCH file).
INPUT and OUTPUT File input_training_correct_cell/input536.in output_training_correct_cell/output536.out
Using input_training_correct_cell/input536.in output_training_correct_cell/output536.out
 HINT in environment.F:814 The compiler target flags (generic) used to build
   this binary cannot exploit all extensions of this CPU model (x86_avx2).
   Consider compiler target flags as part of FCFLAGS and CFLAGS (ARCH file).
INPUT and OUTPUT File input_training_correct_cell/input540.in output_training_correct_cell/output540.out
Using input_training_correct_cell/input540.in output_training_correct_cell/output540.out
 HINT in environment.F:814 The compiler target flags (generic) used to build
   this binary cannot exploit all extensions of this CPU model (x86_avx2).
   Consider compiler target flags as part of FCFLAGS and CFLAGS (ARCH file).
INPUT and OUTPUT File input_training_correct_cell/input544.in output_training_correct_cell/output544.out
Using input_training_correct_cell/input544.in output_training_correct_cell/output544.out
 HINT in environment.F:814 The compiler target flags (generic) used to build
   this binary cannot exploit all extensions of this CPU model (x86_avx2).
   Consider compiler target flags as part of FCFLAGS and CFLAGS (ARCH file).
INPUT and OUTPUT File input_training_correct_cell/input548.in output_training_correct_cell/output548.out
Using input_training_correct_cell/input548.in output_training_correct_cell/output548.out
 HINT in environment.F:814 The compiler target flags (generic) used to build
   this binary cannot exploit all extensions of this CPU model (x86_avx2).
   Consider compiler target flags as part of FCFLAGS and CFLAGS (ARCH file).
INPUT and OUTPUT File input_training_correct_cell/input552.in output_training_correct_cell/output552.out
Using input_training_correct_cell/input552.in output_training_correct_cell/output552.out
 HINT in environment.F:814 The compiler target flags (generic) used to build
   this binary cannot exploit all extensions of this CPU model (x86_avx2).
   Consider compiler target flags as part of FCFLAGS and CFLAGS (ARCH file).
INPUT and OUTPUT File input_training_correct_cell/input556.in output_training_correct_cell/output556.out
Using input_training_correct_cell/input556.in output_training_correct_cell/output556.out
 HINT in environment.F:814 The compiler target flags (generic) used to build
   this binary cannot exploit all extensions of this CPU model (x86_avx2).
   Consider compiler target flags as part of FCFLAGS and CFLAGS (ARCH file).
INPUT and OUTPUT File input_training_correct_cell/input560.in output_training_correct_cell/output560.out
Using input_training_correct_cell/input560.in output_training_correct_cell/output560.out
 HINT in environment.F:814 The compiler target flags (generic) used to build
   this binary cannot exploit all extensions of this CPU model (x86_avx2).
   Consider compiler target flags as part of FCFLAGS and CFLAGS (ARCH file).
INPUT and OUTPUT File input_training_correct_cell/input564.in output_training_correct_cell/output564.out
Using input_training_correct_cell/input564.in output_training_correct_cell/output564.out
 HINT in environment.F:814 The compiler target flags (generic) used to build
   this binary cannot exploit all extensions of this CPU model (x86_avx2).
   Consider compiler target flags as part of FCFLAGS and CFLAGS (ARCH file).
INPUT and OUTPUT File input_training_correct_cell/input568.in output_training_correct_cell/output568.out
Using input_training_correct_cell/input568.in output_training_correct_cell/output568.out
 HINT in environment.F:814 The compiler target flags (generic) used to build
   this binary cannot exploit all extensions of this CPU model (x86_avx2).
   Consider compiler target flags as part of FCFLAGS and CFLAGS (ARCH file).
INPUT and OUTPUT File input_training_correct_cell/input572.in output_training_correct_cell/output572.out
Using input_training_correct_cell/input572.in output_training_correct_cell/output572.out
 HINT in environment.F:814 The compiler target flags (generic) used to build
   this binary cannot exploit all extensions of this CPU model (x86_avx2).
   Consider compiler target flags as part of FCFLAGS and CFLAGS (ARCH file).
INPUT and OUTPUT File input_training_correct_cell/input576.in output_training_correct_cell/output576.out
Using input_training_correct_cell/input576.in output_training_correct_cell/output576.out
 HINT in environment.F:814 The compiler target flags (generic) used to build
   this binary cannot exploit all extensions of this CPU model (x86_avx2).
   Consider compiler target flags as part of FCFLAGS and CFLAGS (ARCH file).
INPUT and OUTPUT File input_training_correct_cell/input580.in output_training_correct_cell/output580.out
Using input_training_correct_cell/input580.in output_training_correct_cell/output580.out
 HINT in environment.F:814 The compiler target flags (generic) used to build
   this binary cannot exploit all extensions of this CPU model (x86_avx2).
   Consider compiler target flags as part of FCFLAGS and CFLAGS (ARCH file).
INPUT and OUTPUT File input_training_correct_cell/input584.in output_training_correct_cell/output584.out
Using input_training_correct_cell/input584.in output_training_correct_cell/output584.out
 HINT in environment.F:814 The compiler target flags (generic) used to build
   this binary cannot exploit all extensions of this CPU model (x86_avx2).
   Consider compiler target flags as part of FCFLAGS and CFLAGS (ARCH file).
INPUT and OUTPUT File input_training_correct_cell/input588.in output_training_correct_cell/output588.out
Using input_training_correct_cell/input588.in output_training_correct_cell/output588.out
 HINT in environment.F:814 The compiler target flags (generic) used to build
   this binary cannot exploit all extensions of this CPU model (x86_avx2).
   Consider compiler target flags as part of FCFLAGS and CFLAGS (ARCH file).
INPUT and OUTPUT File input_training_correct_cell/input592.in output_training_correct_cell/output592.out
Using input_training_correct_cell/input592.in output_training_correct_cell/output592.out
 HINT in environment.F:814 The compiler target flags (generic) used to build
   this binary cannot exploit all extensions of this CPU model (x86_avx2).
   Consider compiler target flags as part of FCFLAGS and CFLAGS (ARCH file).
INPUT and OUTPUT File input_training_correct_cell/input596.in output_training_correct_cell/output596.out
Using input_training_correct_cell/input596.in output_training_correct_cell/output596.out
 HINT in environment.F:814 The compiler target flags (generic) used to build
   this binary cannot exploit all extensions of this CPU model (x86_avx2).
   Consider compiler target flags as part of FCFLAGS and CFLAGS (ARCH file).
INPUT and OUTPUT File input_training_correct_cell/input600.in output_training_correct_cell/output600.out
Using input_training_correct_cell/input600.in output_training_correct_cell/output600.out
 HINT in environment.F:814 The compiler target flags (generic) used to build
   this binary cannot exploit all extensions of this CPU model (x86_avx2).
   Consider compiler target flags as part of FCFLAGS and CFLAGS (ARCH file).
INPUT and OUTPUT File input_training_correct_cell/input604.in output_training_correct_cell/output604.out
Using input_training_correct_cell/input604.in output_training_correct_cell/output604.out
 HINT in environment.F:814 The compiler target flags (generic) used to build
   this binary cannot exploit all extensions of this CPU model (x86_avx2).
   Consider compiler target flags as part of FCFLAGS and CFLAGS (ARCH file).
INPUT and OUTPUT File input_training_correct_cell/input608.in output_training_correct_cell/output608.out
Using input_training_correct_cell/input608.in output_training_correct_cell/output608.out
 HINT in environment.F:814 The compiler target flags (generic) used to build
   this binary cannot exploit all extensions of this CPU model (x86_avx2).
   Consider compiler target flags as part of FCFLAGS and CFLAGS (ARCH file).
INPUT and OUTPUT File input_training_correct_cell/input612.in output_training_correct_cell/output612.out
Using input_training_correct_cell/input612.in output_training_correct_cell/output612.out
 HINT in environment.F:814 The compiler target flags (generic) used to build
   this binary cannot exploit all extensions of this CPU model (x86_avx2).
   Consider compiler target flags as part of FCFLAGS and CFLAGS (ARCH file).
INPUT and OUTPUT File input_training_correct_cell/input616.in output_training_correct_cell/output616.out
Using input_training_correct_cell/input616.in output_training_correct_cell/output616.out
 HINT in environment.F:814 The compiler target flags (generic) used to build
   this binary cannot exploit all extensions of this CPU model (x86_avx2).
   Consider compiler target flags as part of FCFLAGS and CFLAGS (ARCH file).
INPUT and OUTPUT File input_training_correct_cell/input620.in output_training_correct_cell/output620.out
Using input_training_correct_cell/input620.in output_training_correct_cell/output620.out
 HINT in environment.F:814 The compiler target flags (generic) used to build
   this binary cannot exploit all extensions of this CPU model (x86_avx2).
   Consider compiler target flags as part of FCFLAGS and CFLAGS (ARCH file).
INPUT and OUTPUT File input_training_correct_cell/input624.in output_training_correct_cell/output624.out
Using input_training_correct_cell/input624.in output_training_correct_cell/output624.out
 HINT in environment.F:814 The compiler target flags (generic) used to build
   this binary cannot exploit all extensions of this CPU model (x86_avx2).
   Consider compiler target flags as part of FCFLAGS and CFLAGS (ARCH file).
INPUT and OUTPUT File input_training_correct_cell/input628.in output_training_correct_cell/output628.out
Using input_training_correct_cell/input628.in output_training_correct_cell/output628.out
 HINT in environment.F:814 The compiler target flags (generic) used to build
   this binary cannot exploit all extensions of this CPU model (x86_avx2).
   Consider compiler target flags as part of FCFLAGS and CFLAGS (ARCH file).
INPUT and OUTPUT File input_training_correct_cell/input632.in output_training_correct_cell/output632.out
Using input_training_correct_cell/input632.in output_training_correct_cell/output632.out
 HINT in environment.F:814 The compiler target flags (generic) used to build
   this binary cannot exploit all extensions of this CPU model (x86_avx2).
   Consider compiler target flags as part of FCFLAGS and CFLAGS (ARCH file).
INPUT and OUTPUT File input_training_correct_cell/input636.in output_training_correct_cell/output636.out
Using input_training_correct_cell/input636.in output_training_correct_cell/output636.out
 HINT in environment.F:814 The compiler target flags (generic) used to build
   this binary cannot exploit all extensions of this CPU model (x86_avx2).
   Consider compiler target flags as part of FCFLAGS and CFLAGS (ARCH file).
INPUT and OUTPUT File input_training_correct_cell/input640.in output_training_correct_cell/output640.out
Using input_training_correct_cell/input640.in output_training_correct_cell/output640.out
 HINT in environment.F:814 The compiler target flags (generic) used to build
   this binary cannot exploit all extensions of this CPU model (x86_avx2).
   Consider compiler target flags as part of FCFLAGS and CFLAGS (ARCH file).
INPUT and OUTPUT File input_training_correct_cell/input644.in output_training_correct_cell/output644.out
Using input_training_correct_cell/input644.in output_training_correct_cell/output644.out
 HINT in environment.F:814 The compiler target flags (generic) used to build
   this binary cannot exploit all extensions of this CPU model (x86_avx2).
   Consider compiler target flags as part of FCFLAGS and CFLAGS (ARCH file).
INPUT and OUTPUT File input_training_correct_cell/input648.in output_training_correct_cell/output648.out
Using input_training_correct_cell/input648.in output_training_correct_cell/output648.out
 HINT in environment.F:814 The compiler target flags (generic) used to build
   this binary cannot exploit all extensions of this CPU model (x86_avx2).
   Consider compiler target flags as part of FCFLAGS and CFLAGS (ARCH file).
INPUT and OUTPUT File input_training_correct_cell/input652.in output_training_correct_cell/output652.out
Using input_training_correct_cell/input652.in output_training_correct_cell/output652.out
 HINT in environment.F:814 The compiler target flags (generic) used to build
   this binary cannot exploit all extensions of this CPU model (x86_avx2).
   Consider compiler target flags as part of FCFLAGS and CFLAGS (ARCH file).
INPUT and OUTPUT File input_training_correct_cell/input656.in output_training_correct_cell/output656.out
Using input_training_correct_cell/input656.in output_training_correct_cell/output656.out
 HINT in environment.F:814 The compiler target flags (generic) used to build
   this binary cannot exploit all extensions of this CPU model (x86_avx2).
   Consider compiler target flags as part of FCFLAGS and CFLAGS (ARCH file).
INPUT and OUTPUT File input_training_correct_cell/input660.in output_training_correct_cell/output660.out
Using input_training_correct_cell/input660.in output_training_correct_cell/output660.out
 HINT in environment.F:814 The compiler target flags (generic) used to build
   this binary cannot exploit all extensions of this CPU model (x86_avx2).
   Consider compiler target flags as part of FCFLAGS and CFLAGS (ARCH file).
INPUT and OUTPUT File input_training_correct_cell/input664.in output_training_correct_cell/output664.out
Using input_training_correct_cell/input664.in output_training_correct_cell/output664.out
 HINT in environment.F:814 The compiler target flags (generic) used to build
   this binary cannot exploit all extensions of this CPU model (x86_avx2).
   Consider compiler target flags as part of FCFLAGS and CFLAGS (ARCH file).
INPUT and OUTPUT File input_training_correct_cell/input668.in output_training_correct_cell/output668.out
Using input_training_correct_cell/input668.in output_training_correct_cell/output668.out
 HINT in environment.F:814 The compiler target flags (generic) used to build
   this binary cannot exploit all extensions of this CPU model (x86_avx2).
   Consider compiler target flags as part of FCFLAGS and CFLAGS (ARCH file).
INPUT and OUTPUT File input_training_correct_cell/input672.in output_training_correct_cell/output672.out
Using input_training_correct_cell/input672.in output_training_correct_cell/output672.out
 HINT in environment.F:814 The compiler target flags (generic) used to build
   this binary cannot exploit all extensions of this CPU model (x86_avx2).
   Consider compiler target flags as part of FCFLAGS and CFLAGS (ARCH file).
INPUT and OUTPUT File input_training_correct_cell/input676.in output_training_correct_cell/output676.out
Using input_training_correct_cell/input676.in output_training_correct_cell/output676.out
 HINT in environment.F:814 The compiler target flags (generic) used to build
   this binary cannot exploit all extensions of this CPU model (x86_avx2).
   Consider compiler target flags as part of FCFLAGS and CFLAGS (ARCH file).
INPUT and OUTPUT File input_training_correct_cell/input680.in output_training_correct_cell/output680.out
Using input_training_correct_cell/input680.in output_training_correct_cell/output680.out
 HINT in environment.F:814 The compiler target flags (generic) used to build
   this binary cannot exploit all extensions of this CPU model (x86_avx2).
   Consider compiler target flags as part of FCFLAGS and CFLAGS (ARCH file).
INPUT and OUTPUT File input_training_correct_cell/input684.in output_training_correct_cell/output684.out
Using input_training_correct_cell/input684.in output_training_correct_cell/output684.out
 HINT in environment.F:814 The compiler target flags (generic) used to build
   this binary cannot exploit all extensions of this CPU model (x86_avx2).
   Consider compiler target flags as part of FCFLAGS and CFLAGS (ARCH file).
INPUT and OUTPUT File input_training_correct_cell/input688.in output_training_correct_cell/output688.out
Using input_training_correct_cell/input688.in output_training_correct_cell/output688.out
 HINT in environment.F:814 The compiler target flags (generic) used to build
   this binary cannot exploit all extensions of this CPU model (x86_avx2).
   Consider compiler target flags as part of FCFLAGS and CFLAGS (ARCH file).
INPUT and OUTPUT File input_training_correct_cell/input692.in output_training_correct_cell/output692.out
Using input_training_correct_cell/input692.in output_training_correct_cell/output692.out
 HINT in environment.F:814 The compiler target flags (generic) used to build
   this binary cannot exploit all extensions of this CPU model (x86_avx2).
   Consider compiler target flags as part of FCFLAGS and CFLAGS (ARCH file).
INPUT and OUTPUT File input_training_correct_cell/input696.in output_training_correct_cell/output696.out
Using input_training_correct_cell/input696.in output_training_correct_cell/output696.out
 HINT in environment.F:814 The compiler target flags (generic) used to build
   this binary cannot exploit all extensions of this CPU model (x86_avx2).
   Consider compiler target flags as part of FCFLAGS and CFLAGS (ARCH file).
INPUT and OUTPUT File input_training_correct_cell/input700.in output_training_correct_cell/output700.out
Using input_training_correct_cell/input700.in output_training_correct_cell/output700.out
 HINT in environment.F:814 The compiler target flags (generic) used to build
   this binary cannot exploit all extensions of this CPU model (x86_avx2).
   Consider compiler target flags as part of FCFLAGS and CFLAGS (ARCH file).
INPUT and OUTPUT File input_training_correct_cell/input704.in output_training_correct_cell/output704.out
Using input_training_correct_cell/input704.in output_training_correct_cell/output704.out
 HINT in environment.F:814 The compiler target flags (generic) used to build
   this binary cannot exploit all extensions of this CPU model (x86_avx2).
   Consider compiler target flags as part of FCFLAGS and CFLAGS (ARCH file).
INPUT and OUTPUT File input_training_correct_cell/input708.in output_training_correct_cell/output708.out
Using input_training_correct_cell/input708.in output_training_correct_cell/output708.out
 HINT in environment.F:814 The compiler target flags (generic) used to build
   this binary cannot exploit all extensions of this CPU model (x86_avx2).
   Consider compiler target flags as part of FCFLAGS and CFLAGS (ARCH file).
INPUT and OUTPUT File input_training_correct_cell/input712.in output_training_correct_cell/output712.out
Using input_training_correct_cell/input712.in output_training_correct_cell/output712.out
 HINT in environment.F:814 The compiler target flags (generic) used to build
   this binary cannot exploit all extensions of this CPU model (x86_avx2).
   Consider compiler target flags as part of FCFLAGS and CFLAGS (ARCH file).
INPUT and OUTPUT File input_training_correct_cell/input716.in output_training_correct_cell/output716.out
Using input_training_correct_cell/input716.in output_training_correct_cell/output716.out
 HINT in environment.F:814 The compiler target flags (generic) used to build
   this binary cannot exploit all extensions of this CPU model (x86_avx2).
   Consider compiler target flags as part of FCFLAGS and CFLAGS (ARCH file).
INPUT and OUTPUT File input_training_correct_cell/input720.in output_training_correct_cell/output720.out
Using input_training_correct_cell/input720.in output_training_correct_cell/output720.out
 HINT in environment.F:814 The compiler target flags (generic) used to build
   this binary cannot exploit all extensions of this CPU model (x86_avx2).
   Consider compiler target flags as part of FCFLAGS and CFLAGS (ARCH file).
INPUT and OUTPUT File input_training_correct_cell/input724.in output_training_correct_cell/output724.out
Using input_training_correct_cell/input724.in output_training_correct_cell/output724.out
 HINT in environment.F:814 The compiler target flags (generic) used to build
   this binary cannot exploit all extensions of this CPU model (x86_avx2).
   Consider compiler target flags as part of FCFLAGS and CFLAGS (ARCH file).
INPUT and OUTPUT File input_training_correct_cell/input728.in output_training_correct_cell/output728.out
Using input_training_correct_cell/input728.in output_training_correct_cell/output728.out
 HINT in environment.F:814 The compiler target flags (generic) used to build
   this binary cannot exploit all extensions of this CPU model (x86_avx2).
   Consider compiler target flags as part of FCFLAGS and CFLAGS (ARCH file).
INPUT and OUTPUT File input_training_correct_cell/input732.in output_training_correct_cell/output732.out
Using input_training_correct_cell/input732.in output_training_correct_cell/output732.out
 HINT in environment.F:814 The compiler target flags (generic) used to build
   this binary cannot exploit all extensions of this CPU model (x86_avx2).
   Consider compiler target flags as part of FCFLAGS and CFLAGS (ARCH file).
INPUT and OUTPUT File input_training_correct_cell/input736.in output_training_correct_cell/output736.out
Using input_training_correct_cell/input736.in output_training_correct_cell/output736.out
 HINT in environment.F:814 The compiler target flags (generic) used to build
   this binary cannot exploit all extensions of this CPU model (x86_avx2).
   Consider compiler target flags as part of FCFLAGS and CFLAGS (ARCH file).
INPUT and OUTPUT File input_training_correct_cell/input740.in output_training_correct_cell/output740.out
Using input_training_correct_cell/input740.in output_training_correct_cell/output740.out
 HINT in environment.F:814 The compiler target flags (generic) used to build
   this binary cannot exploit all extensions of this CPU model (x86_avx2).
   Consider compiler target flags as part of FCFLAGS and CFLAGS (ARCH file).
INPUT and OUTPUT File input_training_correct_cell/input744.in output_training_correct_cell/output744.out
Using input_training_correct_cell/input744.in output_training_correct_cell/output744.out
 HINT in environment.F:814 The compiler target flags (generic) used to build
   this binary cannot exploit all extensions of this CPU model (x86_avx2).
   Consider compiler target flags as part of FCFLAGS and CFLAGS (ARCH file).
INPUT and OUTPUT File input_training_correct_cell/input748.in output_training_correct_cell/output748.out
Using input_training_correct_cell/input748.in output_training_correct_cell/output748.out
 HINT in environment.F:814 The compiler target flags (generic) used to build
   this binary cannot exploit all extensions of this CPU model (x86_avx2).
   Consider compiler target flags as part of FCFLAGS and CFLAGS (ARCH file).
INPUT and OUTPUT File input_training_correct_cell/input752.in output_training_correct_cell/output752.out
Using input_training_correct_cell/input752.in output_training_correct_cell/output752.out
 HINT in environment.F:814 The compiler target flags (generic) used to build
   this binary cannot exploit all extensions of this CPU model (x86_avx2).
   Consider compiler target flags as part of FCFLAGS and CFLAGS (ARCH file).
INPUT and OUTPUT File input_training_correct_cell/input756.in output_training_correct_cell/output756.out
Using input_training_correct_cell/input756.in output_training_correct_cell/output756.out
 HINT in environment.F:814 The compiler target flags (generic) used to build
   this binary cannot exploit all extensions of this CPU model (x86_avx2).
   Consider compiler target flags as part of FCFLAGS and CFLAGS (ARCH file).
INPUT and OUTPUT File input_training_correct_cell/input760.in output_training_correct_cell/output760.out
Using input_training_correct_cell/input760.in output_training_correct_cell/output760.out
 HINT in environment.F:814 The compiler target flags (generic) used to build
   this binary cannot exploit all extensions of this CPU model (x86_avx2).
   Consider compiler target flags as part of FCFLAGS and CFLAGS (ARCH file).
INPUT and OUTPUT File input_training_correct_cell/input764.in output_training_correct_cell/output764.out
Using input_training_correct_cell/input764.in output_training_correct_cell/output764.out
 HINT in environment.F:814 The compiler target flags (generic) used to build
   this binary cannot exploit all extensions of this CPU model (x86_avx2).
   Consider compiler target flags as part of FCFLAGS and CFLAGS (ARCH file).
INPUT and OUTPUT File input_training_correct_cell/input768.in output_training_correct_cell/output768.out
Using input_training_correct_cell/input768.in output_training_correct_cell/output768.out
 HINT in environment.F:814 The compiler target flags (generic) used to build
   this binary cannot exploit all extensions of this CPU model (x86_avx2).
   Consider compiler target flags as part of FCFLAGS and CFLAGS (ARCH file).
INPUT and OUTPUT File input_training_correct_cell/input772.in output_training_correct_cell/output772.out
Using input_training_correct_cell/input772.in output_training_correct_cell/output772.out
 HINT in environment.F:814 The compiler target flags (generic) used to build
   this binary cannot exploit all extensions of this CPU model (x86_avx2).
   Consider compiler target flags as part of FCFLAGS and CFLAGS (ARCH file).
INPUT and OUTPUT File input_training_correct_cell/input776.in output_training_correct_cell/output776.out
Using input_training_correct_cell/input776.in output_training_correct_cell/output776.out
 HINT in environment.F:814 The compiler target flags (generic) used to build
   this binary cannot exploit all extensions of this CPU model (x86_avx2).
   Consider compiler target flags as part of FCFLAGS and CFLAGS (ARCH file).
INPUT and OUTPUT File input_training_correct_cell/input780.in output_training_correct_cell/output780.out
Using input_training_correct_cell/input780.in output_training_correct_cell/output780.out
 HINT in environment.F:814 The compiler target flags (generic) used to build
   this binary cannot exploit all extensions of this CPU model (x86_avx2).
   Consider compiler target flags as part of FCFLAGS and CFLAGS (ARCH file).
INPUT and OUTPUT File input_training_correct_cell/input784.in output_training_correct_cell/output784.out
Using input_training_correct_cell/input784.in output_training_correct_cell/output784.out
 HINT in environment.F:814 The compiler target flags (generic) used to build
   this binary cannot exploit all extensions of this CPU model (x86_avx2).
   Consider compiler target flags as part of FCFLAGS and CFLAGS (ARCH file).
INPUT and OUTPUT File input_training_correct_cell/input788.in output_training_correct_cell/output788.out
Using input_training_correct_cell/input788.in output_training_correct_cell/output788.out
 HINT in environment.F:814 The compiler target flags (generic) used to build
   this binary cannot exploit all extensions of this CPU model (x86_avx2).
   Consider compiler target flags as part of FCFLAGS and CFLAGS (ARCH file).
INPUT and OUTPUT File input_training_correct_cell/input792.in output_training_correct_cell/output792.out
Using input_training_correct_cell/input792.in output_training_correct_cell/output792.out
 HINT in environment.F:814 The compiler target flags (generic) used to build
   this binary cannot exploit all extensions of this CPU model (x86_avx2).
   Consider compiler target flags as part of FCFLAGS and CFLAGS (ARCH file).
INPUT and OUTPUT File input_training_correct_cell/input796.in output_training_correct_cell/output796.out
Using input_training_correct_cell/input796.in output_training_correct_cell/output796.out
 HINT in environment.F:814 The compiler target flags (generic) used to build
   this binary cannot exploit all extensions of this CPU model (x86_avx2).
   Consider compiler target flags as part of FCFLAGS and CFLAGS (ARCH file).
INPUT and OUTPUT File input_training_correct_cell/input800.in output_training_correct_cell/output800.out
Using input_training_correct_cell/input800.in output_training_correct_cell/output800.out
 HINT in environment.F:814 The compiler target flags (generic) used to build
   this binary cannot exploit all extensions of this CPU model (x86_avx2).
   Consider compiler target flags as part of FCFLAGS and CFLAGS (ARCH file).
INPUT and OUTPUT File input_training_correct_cell/input804.in output_training_correct_cell/output804.out
Using input_training_correct_cell/input804.in output_training_correct_cell/output804.out
 HINT in environment.F:814 The compiler target flags (generic) used to build
   this binary cannot exploit all extensions of this CPU model (x86_avx2).
   Consider compiler target flags as part of FCFLAGS and CFLAGS (ARCH file).
INPUT and OUTPUT File input_training_correct_cell/input808.in output_training_correct_cell/output808.out
Using input_training_correct_cell/input808.in output_training_correct_cell/output808.out
 HINT in environment.F:814 The compiler target flags (generic) used to build
   this binary cannot exploit all extensions of this CPU model (x86_avx2).
   Consider compiler target flags as part of FCFLAGS and CFLAGS (ARCH file).
INPUT and OUTPUT File input_training_correct_cell/input812.in output_training_correct_cell/output812.out
Using input_training_correct_cell/input812.in output_training_correct_cell/output812.out
 HINT in environment.F:814 The compiler target flags (generic) used to build
   this binary cannot exploit all extensions of this CPU model (x86_avx2).
   Consider compiler target flags as part of FCFLAGS and CFLAGS (ARCH file).
INPUT and OUTPUT File input_training_correct_cell/input816.in output_training_correct_cell/output816.out
Using input_training_correct_cell/input816.in output_training_correct_cell/output816.out
 HINT in environment.F:814 The compiler target flags (generic) used to build
   this binary cannot exploit all extensions of this CPU model (x86_avx2).
   Consider compiler target flags as part of FCFLAGS and CFLAGS (ARCH file).
INPUT and OUTPUT File input_training_correct_cell/input820.in output_training_correct_cell/output820.out
Using input_training_correct_cell/input820.in output_training_correct_cell/output820.out
 HINT in environment.F:814 The compiler target flags (generic) used to build
   this binary cannot exploit all extensions of this CPU model (x86_avx2).
   Consider compiler target flags as part of FCFLAGS and CFLAGS (ARCH file).
INPUT and OUTPUT File input_training_correct_cell/input824.in output_training_correct_cell/output824.out
Using input_training_correct_cell/input824.in output_training_correct_cell/output824.out
 HINT in environment.F:814 The compiler target flags (generic) used to build
   this binary cannot exploit all extensions of this CPU model (x86_avx2).
   Consider compiler target flags as part of FCFLAGS and CFLAGS (ARCH file).
INPUT and OUTPUT File input_training_correct_cell/input828.in output_training_correct_cell/output828.out
Using input_training_correct_cell/input828.in output_training_correct_cell/output828.out
 HINT in environment.F:814 The compiler target flags (generic) used to build
   this binary cannot exploit all extensions of this CPU model (x86_avx2).
   Consider compiler target flags as part of FCFLAGS and CFLAGS (ARCH file).
INPUT and OUTPUT File input_training_correct_cell/input832.in output_training_correct_cell/output832.out
Using input_training_correct_cell/input832.in output_training_correct_cell/output832.out
 HINT in environment.F:814 The compiler target flags (generic) used to build
   this binary cannot exploit all extensions of this CPU model (x86_avx2).
   Consider compiler target flags as part of FCFLAGS and CFLAGS (ARCH file).
INPUT and OUTPUT File input_training_correct_cell/input836.in output_training_correct_cell/output836.out
Using input_training_correct_cell/input836.in output_training_correct_cell/output836.out
 HINT in environment.F:814 The compiler target flags (generic) used to build
   this binary cannot exploit all extensions of this CPU model (x86_avx2).
   Consider compiler target flags as part of FCFLAGS and CFLAGS (ARCH file).
INPUT and OUTPUT File input_training_correct_cell/input840.in output_training_correct_cell/output840.out
Using input_training_correct_cell/input840.in output_training_correct_cell/output840.out
 HINT in environment.F:814 The compiler target flags (generic) used to build
   this binary cannot exploit all extensions of this CPU model (x86_avx2).
   Consider compiler target flags as part of FCFLAGS and CFLAGS (ARCH file).
INPUT and OUTPUT File input_training_correct_cell/input844.in output_training_correct_cell/output844.out
Using input_training_correct_cell/input844.in output_training_correct_cell/output844.out
 HINT in environment.F:814 The compiler target flags (generic) used to build
   this binary cannot exploit all extensions of this CPU model (x86_avx2).
   Consider compiler target flags as part of FCFLAGS and CFLAGS (ARCH file).
INPUT and OUTPUT File input_training_correct_cell/input848.in output_training_correct_cell/output848.out
Using input_training_correct_cell/input848.in output_training_correct_cell/output848.out
 HINT in environment.F:814 The compiler target flags (generic) used to build
   this binary cannot exploit all extensions of this CPU model (x86_avx2).
   Consider compiler target flags as part of FCFLAGS and CFLAGS (ARCH file).
INPUT and OUTPUT File input_training_correct_cell/input852.in output_training_correct_cell/output852.out
Using input_training_correct_cell/input852.in output_training_correct_cell/output852.out
 HINT in environment.F:814 The compiler target flags (generic) used to build
   this binary cannot exploit all extensions of this CPU model (x86_avx2).
   Consider compiler target flags as part of FCFLAGS and CFLAGS (ARCH file).
INPUT and OUTPUT File input_training_correct_cell/input856.in output_training_correct_cell/output856.out
Using input_training_correct_cell/input856.in output_training_correct_cell/output856.out
 HINT in environment.F:814 The compiler target flags (generic) used to build
   this binary cannot exploit all extensions of this CPU model (x86_avx2).
   Consider compiler target flags as part of FCFLAGS and CFLAGS (ARCH file).
INPUT and OUTPUT File input_training_correct_cell/input860.in output_training_correct_cell/output860.out
Using input_training_correct_cell/input860.in output_training_correct_cell/output860.out
 HINT in environment.F:814 The compiler target flags (generic) used to build
   this binary cannot exploit all extensions of this CPU model (x86_avx2).
   Consider compiler target flags as part of FCFLAGS and CFLAGS (ARCH file).
INPUT and OUTPUT File input_training_correct_cell/input864.in output_training_correct_cell/output864.out
Using input_training_correct_cell/input864.in output_training_correct_cell/output864.out
 HINT in environment.F:814 The compiler target flags (generic) used to build
   this binary cannot exploit all extensions of this CPU model (x86_avx2).
   Consider compiler target flags as part of FCFLAGS and CFLAGS (ARCH file).
INPUT and OUTPUT File input_training_correct_cell/input868.in output_training_correct_cell/output868.out
Using input_training_correct_cell/input868.in output_training_correct_cell/output868.out
 HINT in environment.F:814 The compiler target flags (generic) used to build
   this binary cannot exploit all extensions of this CPU model (x86_avx2).
   Consider compiler target flags as part of FCFLAGS and CFLAGS (ARCH file).
INPUT and OUTPUT File input_training_correct_cell/input872.in output_training_correct_cell/output872.out
Using input_training_correct_cell/input872.in output_training_correct_cell/output872.out
 HINT in environment.F:814 The compiler target flags (generic) used to build
   this binary cannot exploit all extensions of this CPU model (x86_avx2).
   Consider compiler target flags as part of FCFLAGS and CFLAGS (ARCH file).
INPUT and OUTPUT File input_training_correct_cell/input876.in output_training_correct_cell/output876.out
Using input_training_correct_cell/input876.in output_training_correct_cell/output876.out
 HINT in environment.F:814 The compiler target flags (generic) used to build
   this binary cannot exploit all extensions of this CPU model (x86_avx2).
   Consider compiler target flags as part of FCFLAGS and CFLAGS (ARCH file).
INPUT and OUTPUT File input_training_correct_cell/input880.in output_training_correct_cell/output880.out
Using input_training_correct_cell/input880.in output_training_correct_cell/output880.out
 HINT in environment.F:814 The compiler target flags (generic) used to build
   this binary cannot exploit all extensions of this CPU model (x86_avx2).
   Consider compiler target flags as part of FCFLAGS and CFLAGS (ARCH file).
INPUT and OUTPUT File input_training_correct_cell/input884.in output_training_correct_cell/output884.out
Using input_training_correct_cell/input884.in output_training_correct_cell/output884.out
 HINT in environment.F:814 The compiler target flags (generic) used to build
   this binary cannot exploit all extensions of this CPU model (x86_avx2).
   Consider compiler target flags as part of FCFLAGS and CFLAGS (ARCH file).
INPUT and OUTPUT File input_training_correct_cell/input888.in output_training_correct_cell/output888.out
Using input_training_correct_cell/input888.in output_training_correct_cell/output888.out
 HINT in environment.F:814 The compiler target flags (generic) used to build
   this binary cannot exploit all extensions of this CPU model (x86_avx2).
   Consider compiler target flags as part of FCFLAGS and CFLAGS (ARCH file).
INPUT and OUTPUT File input_training_correct_cell/input892.in output_training_correct_cell/output892.out
Using input_training_correct_cell/input892.in output_training_correct_cell/output892.out
 HINT in environment.F:814 The compiler target flags (generic) used to build
   this binary cannot exploit all extensions of this CPU model (x86_avx2).
   Consider compiler target flags as part of FCFLAGS and CFLAGS (ARCH file).
INPUT and OUTPUT File input_training_correct_cell/input896.in output_training_correct_cell/output896.out
Using input_training_correct_cell/input896.in output_training_correct_cell/output896.out
 HINT in environment.F:814 The compiler target flags (generic) used to build
   this binary cannot exploit all extensions of this CPU model (x86_avx2).
   Consider compiler target flags as part of FCFLAGS and CFLAGS (ARCH file).
INPUT and OUTPUT File input_training_correct_cell/input900.in output_training_correct_cell/output900.out
Using input_training_correct_cell/input900.in output_training_correct_cell/output900.out
 HINT in environment.F:814 The compiler target flags (generic) used to build
   this binary cannot exploit all extensions of this CPU model (x86_avx2).
   Consider compiler target flags as part of FCFLAGS and CFLAGS (ARCH file).
INPUT and OUTPUT File input_training_correct_cell/input904.in output_training_correct_cell/output904.out
Using input_training_correct_cell/input904.in output_training_correct_cell/output904.out
 HINT in environment.F:814 The compiler target flags (generic) used to build
   this binary cannot exploit all extensions of this CPU model (x86_avx2).
   Consider compiler target flags as part of FCFLAGS and CFLAGS (ARCH file).
INPUT and OUTPUT File input_training_correct_cell/input908.in output_training_correct_cell/output908.out
Using input_training_correct_cell/input908.in output_training_correct_cell/output908.out
 HINT in environment.F:814 The compiler target flags (generic) used to build
   this binary cannot exploit all extensions of this CPU model (x86_avx2).
   Consider compiler target flags as part of FCFLAGS and CFLAGS (ARCH file).
INPUT and OUTPUT File input_training_correct_cell/input912.in output_training_correct_cell/output912.out
Using input_training_correct_cell/input912.in output_training_correct_cell/output912.out
 HINT in environment.F:814 The compiler target flags (generic) used to build
   this binary cannot exploit all extensions of this CPU model (x86_avx2).
   Consider compiler target flags as part of FCFLAGS and CFLAGS (ARCH file).
INPUT and OUTPUT File input_training_correct_cell/input916.in output_training_correct_cell/output916.out
Using input_training_correct_cell/input916.in output_training_correct_cell/output916.out
 HINT in environment.F:814 The compiler target flags (generic) used to build
   this binary cannot exploit all extensions of this CPU model (x86_avx2).
   Consider compiler target flags as part of FCFLAGS and CFLAGS (ARCH file).
INPUT and OUTPUT File input_training_correct_cell/input920.in output_training_correct_cell/output920.out
Using input_training_correct_cell/input920.in output_training_correct_cell/output920.out
 HINT in environment.F:814 The compiler target flags (generic) used to build
   this binary cannot exploit all extensions of this CPU model (x86_avx2).
   Consider compiler target flags as part of FCFLAGS and CFLAGS (ARCH file).
INPUT and OUTPUT File input_training_correct_cell/input924.in output_training_correct_cell/output924.out
Using input_training_correct_cell/input924.in output_training_correct_cell/output924.out
 HINT in environment.F:814 The compiler target flags (generic) used to build
   this binary cannot exploit all extensions of this CPU model (x86_avx2).
   Consider compiler target flags as part of FCFLAGS and CFLAGS (ARCH file).
INPUT and OUTPUT File input_training_correct_cell/input928.in output_training_correct_cell/output928.out
Using input_training_correct_cell/input928.in output_training_correct_cell/output928.out
 HINT in environment.F:814 The compiler target flags (generic) used to build
   this binary cannot exploit all extensions of this CPU model (x86_avx2).
   Consider compiler target flags as part of FCFLAGS and CFLAGS (ARCH file).
INPUT and OUTPUT File input_training_correct_cell/input932.in output_training_correct_cell/output932.out
Using input_training_correct_cell/input932.in output_training_correct_cell/output932.out
 HINT in environment.F:814 The compiler target flags (generic) used to build
   this binary cannot exploit all extensions of this CPU model (x86_avx2).
   Consider compiler target flags as part of FCFLAGS and CFLAGS (ARCH file).
INPUT and OUTPUT File input_training_correct_cell/input936.in output_training_correct_cell/output936.out
Using input_training_correct_cell/input936.in output_training_correct_cell/output936.out
 HINT in environment.F:814 The compiler target flags (generic) used to build
   this binary cannot exploit all extensions of this CPU model (x86_avx2).
   Consider compiler target flags as part of FCFLAGS and CFLAGS (ARCH file).
INPUT and OUTPUT File input_training_correct_cell/input940.in output_training_correct_cell/output940.out
Using input_training_correct_cell/input940.in output_training_correct_cell/output940.out
 HINT in environment.F:814 The compiler target flags (generic) used to build
   this binary cannot exploit all extensions of this CPU model (x86_avx2).
   Consider compiler target flags as part of FCFLAGS and CFLAGS (ARCH file).
INPUT and OUTPUT File input_training_correct_cell/input944.in output_training_correct_cell/output944.out
Using input_training_correct_cell/input944.in output_training_correct_cell/output944.out
 HINT in environment.F:814 The compiler target flags (generic) used to build
   this binary cannot exploit all extensions of this CPU model (x86_avx2).
   Consider compiler target flags as part of FCFLAGS and CFLAGS (ARCH file).
INPUT and OUTPUT File input_training_correct_cell/input948.in output_training_correct_cell/output948.out
Using input_training_correct_cell/input948.in output_training_correct_cell/output948.out
 HINT in environment.F:814 The compiler target flags (generic) used to build
   this binary cannot exploit all extensions of this CPU model (x86_avx2).
   Consider compiler target flags as part of FCFLAGS and CFLAGS (ARCH file).
INPUT and OUTPUT File input_training_correct_cell/input952.in output_training_correct_cell/output952.out
Using input_training_correct_cell/input952.in output_training_correct_cell/output952.out
 HINT in environment.F:814 The compiler target flags (generic) used to build
   this binary cannot exploit all extensions of this CPU model (x86_avx2).
   Consider compiler target flags as part of FCFLAGS and CFLAGS (ARCH file).
INPUT and OUTPUT File input_training_correct_cell/input956.in output_training_correct_cell/output956.out
Using input_training_correct_cell/input956.in output_training_correct_cell/output956.out
 HINT in environment.F:814 The compiler target flags (generic) used to build
   this binary cannot exploit all extensions of this CPU model (x86_avx2).
   Consider compiler target flags as part of FCFLAGS and CFLAGS (ARCH file).
INPUT and OUTPUT File input_training_correct_cell/input960.in output_training_correct_cell/output960.out
Using input_training_correct_cell/input960.in output_training_correct_cell/output960.out
 HINT in environment.F:814 The compiler target flags (generic) used to build
   this binary cannot exploit all extensions of this CPU model (x86_avx2).
   Consider compiler target flags as part of FCFLAGS and CFLAGS (ARCH file).
INPUT and OUTPUT File input_training_correct_cell/input964.in output_training_correct_cell/output964.out
Using input_training_correct_cell/input964.in output_training_correct_cell/output964.out
 HINT in environment.F:814 The compiler target flags (generic) used to build
   this binary cannot exploit all extensions of this CPU model (x86_avx2).
   Consider compiler target flags as part of FCFLAGS and CFLAGS (ARCH file).
INPUT and OUTPUT File input_training_correct_cell/input968.in output_training_correct_cell/output968.out
Using input_training_correct_cell/input968.in output_training_correct_cell/output968.out
 HINT in environment.F:814 The compiler target flags (generic) used to build
   this binary cannot exploit all extensions of this CPU model (x86_avx2).
   Consider compiler target flags as part of FCFLAGS and CFLAGS (ARCH file).
INPUT and OUTPUT File input_training_correct_cell/input972.in output_training_correct_cell/output972.out
Using input_training_correct_cell/input972.in output_training_correct_cell/output972.out
 HINT in environment.F:814 The compiler target flags (generic) used to build
   this binary cannot exploit all extensions of this CPU model (x86_avx2).
   Consider compiler target flags as part of FCFLAGS and CFLAGS (ARCH file).
INPUT and OUTPUT File input_training_correct_cell/input976.in output_training_correct_cell/output976.out
Using input_training_correct_cell/input976.in output_training_correct_cell/output976.out
 HINT in environment.F:814 The compiler target flags (generic) used to build
   this binary cannot exploit all extensions of this CPU model (x86_avx2).
   Consider compiler target flags as part of FCFLAGS and CFLAGS (ARCH file).
INPUT and OUTPUT File input_training_correct_cell/input980.in output_training_correct_cell/output980.out
Using input_training_correct_cell/input980.in output_training_correct_cell/output980.out
 HINT in environment.F:814 The compiler target flags (generic) used to build
   this binary cannot exploit all extensions of this CPU model (x86_avx2).
   Consider compiler target flags as part of FCFLAGS and CFLAGS (ARCH file).
INPUT and OUTPUT File input_training_correct_cell/input984.in output_training_correct_cell/output984.out
Using input_training_correct_cell/input984.in output_training_correct_cell/output984.out
 HINT in environment.F:814 The compiler target flags (generic) used to build
   this binary cannot exploit all extensions of this CPU model (x86_avx2).
   Consider compiler target flags as part of FCFLAGS and CFLAGS (ARCH file).
INPUT and OUTPUT File input_training_correct_cell/input988.in output_training_correct_cell/output988.out
Using input_training_correct_cell/input988.in output_training_correct_cell/output988.out
 HINT in environment.F:814 The compiler target flags (generic) used to build
   this binary cannot exploit all extensions of this CPU model (x86_avx2).
   Consider compiler target flags as part of FCFLAGS and CFLAGS (ARCH file).
INPUT and OUTPUT File input_training_correct_cell/input992.in output_training_correct_cell/output992.out
Using input_training_correct_cell/input992.in output_training_correct_cell/output992.out
 HINT in environment.F:814 The compiler target flags (generic) used to build
   this binary cannot exploit all extensions of this CPU model (x86_avx2).
   Consider compiler target flags as part of FCFLAGS and CFLAGS (ARCH file).
INPUT and OUTPUT File input_training_correct_cell/input996.in output_training_correct_cell/output996.out
Using input_training_correct_cell/input996.in output_training_correct_cell/output996.out
 HINT in environment.F:814 The compiler target flags (generic) used to build
   this binary cannot exploit all extensions of this CPU model (x86_avx2).
   Consider compiler target flags as part of FCFLAGS and CFLAGS (ARCH file).
INPUT and OUTPUT File input_training_correct_cell/input1000.in output_training_correct_cell/output1000.out
Using input_training_correct_cell/input1000.in output_training_correct_cell/output1000.out
 HINT in environment.F:814 The compiler target flags (generic) used to build
   this binary cannot exploit all extensions of this CPU model (x86_avx2).
   Consider compiler target flags as part of FCFLAGS and CFLAGS (ARCH file).
INPUT and OUTPUT File input_training_correct_cell/input1004.in output_training_correct_cell/output1004.out
Using input_training_correct_cell/input1004.in output_training_correct_cell/output1004.out
 HINT in environment.F:814 The compiler target flags (generic) used to build
   this binary cannot exploit all extensions of this CPU model (x86_avx2).
   Consider compiler target flags as part of FCFLAGS and CFLAGS (ARCH file).
INPUT and OUTPUT File input_training_correct_cell/input1008.in output_training_correct_cell/output1008.out
Using input_training_correct_cell/input1008.in output_training_correct_cell/output1008.out
 HINT in environment.F:814 The compiler target flags (generic) used to build
   this binary cannot exploit all extensions of this CPU model (x86_avx2).
   Consider compiler target flags as part of FCFLAGS and CFLAGS (ARCH file).
INPUT and OUTPUT File input_training_correct_cell/input1012.in output_training_correct_cell/output1012.out
Using input_training_correct_cell/input1012.in output_training_correct_cell/output1012.out
 HINT in environment.F:814 The compiler target flags (generic) used to build
   this binary cannot exploit all extensions of this CPU model (x86_avx2).
   Consider compiler target flags as part of FCFLAGS and CFLAGS (ARCH file).
INPUT and OUTPUT File input_training_correct_cell/input1016.in output_training_correct_cell/output1016.out
Using input_training_correct_cell/input1016.in output_training_correct_cell/output1016.out
 HINT in environment.F:814 The compiler target flags (generic) used to build
   this binary cannot exploit all extensions of this CPU model (x86_avx2).
   Consider compiler target flags as part of FCFLAGS and CFLAGS (ARCH file).
INPUT and OUTPUT File input_training_correct_cell/input1020.in output_training_correct_cell/output1020.out
Using input_training_correct_cell/input1020.in output_training_correct_cell/output1020.out
 HINT in environment.F:814 The compiler target flags (generic) used to build
   this binary cannot exploit all extensions of this CPU model (x86_avx2).
   Consider compiler target flags as part of FCFLAGS and CFLAGS (ARCH file).
INPUT and OUTPUT File input_training_correct_cell/input1024.in output_training_correct_cell/output1024.out
Using input_training_correct_cell/input1024.in output_training_correct_cell/output1024.out
 HINT in environment.F:814 The compiler target flags (generic) used to build
   this binary cannot exploit all extensions of this CPU model (x86_avx2).
   Consider compiler target flags as part of FCFLAGS and CFLAGS (ARCH file).
INPUT and OUTPUT File input_training_correct_cell/input1028.in output_training_correct_cell/output1028.out
Using input_training_correct_cell/input1028.in output_training_correct_cell/output1028.out
 HINT in environment.F:814 The compiler target flags (generic) used to build
   this binary cannot exploit all extensions of this CPU model (x86_avx2).
   Consider compiler target flags as part of FCFLAGS and CFLAGS (ARCH file).
INPUT and OUTPUT File input_training_correct_cell/input1032.in output_training_correct_cell/output1032.out
Using input_training_correct_cell/input1032.in output_training_correct_cell/output1032.out
 HINT in environment.F:814 The compiler target flags (generic) used to build
   this binary cannot exploit all extensions of this CPU model (x86_avx2).
   Consider compiler target flags as part of FCFLAGS and CFLAGS (ARCH file).
INPUT and OUTPUT File input_training_correct_cell/input1036.in output_training_correct_cell/output1036.out
Using input_training_correct_cell/input1036.in output_training_correct_cell/output1036.out
 HINT in environment.F:814 The compiler target flags (generic) used to build
   this binary cannot exploit all extensions of this CPU model (x86_avx2).
   Consider compiler target flags as part of FCFLAGS and CFLAGS (ARCH file).
INPUT and OUTPUT File input_training_correct_cell/input1040.in output_training_correct_cell/output1040.out
Using input_training_correct_cell/input1040.in output_training_correct_cell/output1040.out
 HINT in environment.F:814 The compiler target flags (generic) used to build
   this binary cannot exploit all extensions of this CPU model (x86_avx2).
   Consider compiler target flags as part of FCFLAGS and CFLAGS (ARCH file).
INPUT and OUTPUT File input_training_correct_cell/input1044.in output_training_correct_cell/output1044.out
Using input_training_correct_cell/input1044.in output_training_correct_cell/output1044.out
 HINT in environment.F:814 The compiler target flags (generic) used to build
   this binary cannot exploit all extensions of this CPU model (x86_avx2).
   Consider compiler target flags as part of FCFLAGS and CFLAGS (ARCH file).
INPUT and OUTPUT File input_training_correct_cell/input1048.in output_training_correct_cell/output1048.out
Using input_training_correct_cell/input1048.in output_training_correct_cell/output1048.out
 HINT in environment.F:814 The compiler target flags (generic) used to build
   this binary cannot exploit all extensions of this CPU model (x86_avx2).
   Consider compiler target flags as part of FCFLAGS and CFLAGS (ARCH file).
INPUT and OUTPUT File input_training_correct_cell/input1052.in output_training_correct_cell/output1052.out
Using input_training_correct_cell/input1052.in output_training_correct_cell/output1052.out
 HINT in environment.F:814 The compiler target flags (generic) used to build
   this binary cannot exploit all extensions of this CPU model (x86_avx2).
   Consider compiler target flags as part of FCFLAGS and CFLAGS (ARCH file).
INPUT and OUTPUT File input_training_correct_cell/input1056.in output_training_correct_cell/output1056.out
Using input_training_correct_cell/input1056.in output_training_correct_cell/output1056.out
 HINT in environment.F:814 The compiler target flags (generic) used to build
   this binary cannot exploit all extensions of this CPU model (x86_avx2).
   Consider compiler target flags as part of FCFLAGS and CFLAGS (ARCH file).
INPUT and OUTPUT File input_training_correct_cell/input1060.in output_training_correct_cell/output1060.out
Using input_training_correct_cell/input1060.in output_training_correct_cell/output1060.out
 HINT in environment.F:814 The compiler target flags (generic) used to build
   this binary cannot exploit all extensions of this CPU model (x86_avx2).
   Consider compiler target flags as part of FCFLAGS and CFLAGS (ARCH file).
INPUT and OUTPUT File input_training_correct_cell/input1064.in output_training_correct_cell/output1064.out
Using input_training_correct_cell/input1064.in output_training_correct_cell/output1064.out
 HINT in environment.F:814 The compiler target flags (generic) used to build
   this binary cannot exploit all extensions of this CPU model (x86_avx2).
   Consider compiler target flags as part of FCFLAGS and CFLAGS (ARCH file).
slurmstepd: error: *** JOB 299247 ON gnode52 CANCELLED AT 2021-01-18T23:52:03 DUE TO TIME LIMIT ***
