INPUT and OUTPUT File input_training_correct_cell/input1068.in output_training_correct_cell/output1068.out
Using input_training_correct_cell/input1068.in output_training_correct_cell/output1068.out
 HINT in environment.F:814 The compiler target flags (generic) used to build
   this binary cannot exploit all extensions of this CPU model (x86_avx2).
   Consider compiler target flags as part of FCFLAGS and CFLAGS (ARCH file).
INPUT and OUTPUT File input_training_correct_cell/input1072.in output_training_correct_cell/output1072.out
Using input_training_correct_cell/input1072.in output_training_correct_cell/output1072.out
 HINT in environment.F:814 The compiler target flags (generic) used to build
   this binary cannot exploit all extensions of this CPU model (x86_avx2).
   Consider compiler target flags as part of FCFLAGS and CFLAGS (ARCH file).
INPUT and OUTPUT File input_training_correct_cell/input1076.in output_training_correct_cell/output1076.out
Using input_training_correct_cell/input1076.in output_training_correct_cell/output1076.out
 HINT in environment.F:814 The compiler target flags (generic) used to build
   this binary cannot exploit all extensions of this CPU model (x86_avx2).
   Consider compiler target flags as part of FCFLAGS and CFLAGS (ARCH file).
INPUT and OUTPUT File input_training_correct_cell/input1080.in output_training_correct_cell/output1080.out
Using input_training_correct_cell/input1080.in output_training_correct_cell/output1080.out
 HINT in environment.F:814 The compiler target flags (generic) used to build
   this binary cannot exploit all extensions of this CPU model (x86_avx2).
   Consider compiler target flags as part of FCFLAGS and CFLAGS (ARCH file).
INPUT and OUTPUT File input_training_correct_cell/input1084.in output_training_correct_cell/output1084.out
Using input_training_correct_cell/input1084.in output_training_correct_cell/output1084.out
 HINT in environment.F:814 The compiler target flags (generic) used to build
   this binary cannot exploit all extensions of this CPU model (x86_avx2).
   Consider compiler target flags as part of FCFLAGS and CFLAGS (ARCH file).
INPUT and OUTPUT File input_training_correct_cell/input1088.in output_training_correct_cell/output1088.out
Using input_training_correct_cell/input1088.in output_training_correct_cell/output1088.out
 HINT in environment.F:814 The compiler target flags (generic) used to build
   this binary cannot exploit all extensions of this CPU model (x86_avx2).
   Consider compiler target flags as part of FCFLAGS and CFLAGS (ARCH file).
INPUT and OUTPUT File input_training_correct_cell/input1092.in output_training_correct_cell/output1092.out
Using input_training_correct_cell/input1092.in output_training_correct_cell/output1092.out
 HINT in environment.F:814 The compiler target flags (generic) used to build
   this binary cannot exploit all extensions of this CPU model (x86_avx2).
   Consider compiler target flags as part of FCFLAGS and CFLAGS (ARCH file).
INPUT and OUTPUT File input_training_correct_cell/input1096.in output_training_correct_cell/output1096.out
Using input_training_correct_cell/input1096.in output_training_correct_cell/output1096.out
 HINT in environment.F:814 The compiler target flags (generic) used to build
   this binary cannot exploit all extensions of this CPU model (x86_avx2).
   Consider compiler target flags as part of FCFLAGS and CFLAGS (ARCH file).
INPUT and OUTPUT File input_training_correct_cell/input1100.in output_training_correct_cell/output1100.out
Using input_training_correct_cell/input1100.in output_training_correct_cell/output1100.out
 HINT in environment.F:814 The compiler target flags (generic) used to build
   this binary cannot exploit all extensions of this CPU model (x86_avx2).
   Consider compiler target flags as part of FCFLAGS and CFLAGS (ARCH file).
INPUT and OUTPUT File input_training_correct_cell/input1104.in output_training_correct_cell/output1104.out
Using input_training_correct_cell/input1104.in output_training_correct_cell/output1104.out
 HINT in environment.F:814 The compiler target flags (generic) used to build
   this binary cannot exploit all extensions of this CPU model (x86_avx2).
   Consider compiler target flags as part of FCFLAGS and CFLAGS (ARCH file).
INPUT and OUTPUT File input_training_correct_cell/input1108.in output_training_correct_cell/output1108.out
Using input_training_correct_cell/input1108.in output_training_correct_cell/output1108.out
 HINT in environment.F:814 The compiler target flags (generic) used to build
   this binary cannot exploit all extensions of this CPU model (x86_avx2).
   Consider compiler target flags as part of FCFLAGS and CFLAGS (ARCH file).
INPUT and OUTPUT File input_training_correct_cell/input1112.in output_training_correct_cell/output1112.out
Using input_training_correct_cell/input1112.in output_training_correct_cell/output1112.out
 HINT in environment.F:814 The compiler target flags (generic) used to build
   this binary cannot exploit all extensions of this CPU model (x86_avx2).
   Consider compiler target flags as part of FCFLAGS and CFLAGS (ARCH file).
INPUT and OUTPUT File input_training_correct_cell/input1116.in output_training_correct_cell/output1116.out
Using input_training_correct_cell/input1116.in output_training_correct_cell/output1116.out
 HINT in environment.F:814 The compiler target flags (generic) used to build
   this binary cannot exploit all extensions of this CPU model (x86_avx2).
   Consider compiler target flags as part of FCFLAGS and CFLAGS (ARCH file).
INPUT and OUTPUT File input_training_correct_cell/input1120.in output_training_correct_cell/output1120.out
Using input_training_correct_cell/input1120.in output_training_correct_cell/output1120.out
 HINT in environment.F:814 The compiler target flags (generic) used to build
   this binary cannot exploit all extensions of this CPU model (x86_avx2).
   Consider compiler target flags as part of FCFLAGS and CFLAGS (ARCH file).
INPUT and OUTPUT File input_training_correct_cell/input1124.in output_training_correct_cell/output1124.out
Using input_training_correct_cell/input1124.in output_training_correct_cell/output1124.out
 HINT in environment.F:814 The compiler target flags (generic) used to build
   this binary cannot exploit all extensions of this CPU model (x86_avx2).
   Consider compiler target flags as part of FCFLAGS and CFLAGS (ARCH file).
INPUT and OUTPUT File input_training_correct_cell/input1128.in output_training_correct_cell/output1128.out
Using input_training_correct_cell/input1128.in output_training_correct_cell/output1128.out
 HINT in environment.F:814 The compiler target flags (generic) used to build
   this binary cannot exploit all extensions of this CPU model (x86_avx2).
   Consider compiler target flags as part of FCFLAGS and CFLAGS (ARCH file).
INPUT and OUTPUT File input_training_correct_cell/input1132.in output_training_correct_cell/output1132.out
Using input_training_correct_cell/input1132.in output_training_correct_cell/output1132.out
 HINT in environment.F:814 The compiler target flags (generic) used to build
   this binary cannot exploit all extensions of this CPU model (x86_avx2).
   Consider compiler target flags as part of FCFLAGS and CFLAGS (ARCH file).
INPUT and OUTPUT File input_training_correct_cell/input1136.in output_training_correct_cell/output1136.out
Using input_training_correct_cell/input1136.in output_training_correct_cell/output1136.out
 HINT in environment.F:814 The compiler target flags (generic) used to build
   this binary cannot exploit all extensions of this CPU model (x86_avx2).
   Consider compiler target flags as part of FCFLAGS and CFLAGS (ARCH file).
INPUT and OUTPUT File input_training_correct_cell/input1140.in output_training_correct_cell/output1140.out
Using input_training_correct_cell/input1140.in output_training_correct_cell/output1140.out
 HINT in environment.F:814 The compiler target flags (generic) used to build
   this binary cannot exploit all extensions of this CPU model (x86_avx2).
   Consider compiler target flags as part of FCFLAGS and CFLAGS (ARCH file).
INPUT and OUTPUT File input_training_correct_cell/input1144.in output_training_correct_cell/output1144.out
Using input_training_correct_cell/input1144.in output_training_correct_cell/output1144.out
 HINT in environment.F:814 The compiler target flags (generic) used to build
   this binary cannot exploit all extensions of this CPU model (x86_avx2).
   Consider compiler target flags as part of FCFLAGS and CFLAGS (ARCH file).
INPUT and OUTPUT File input_training_correct_cell/input1148.in output_training_correct_cell/output1148.out
Using input_training_correct_cell/input1148.in output_training_correct_cell/output1148.out
 HINT in environment.F:814 The compiler target flags (generic) used to build
   this binary cannot exploit all extensions of this CPU model (x86_avx2).
   Consider compiler target flags as part of FCFLAGS and CFLAGS (ARCH file).
INPUT and OUTPUT File input_training_correct_cell/input1152.in output_training_correct_cell/output1152.out
Using input_training_correct_cell/input1152.in output_training_correct_cell/output1152.out
 HINT in environment.F:814 The compiler target flags (generic) used to build
   this binary cannot exploit all extensions of this CPU model (x86_avx2).
   Consider compiler target flags as part of FCFLAGS and CFLAGS (ARCH file).
INPUT and OUTPUT File input_training_correct_cell/input1156.in output_training_correct_cell/output1156.out
Using input_training_correct_cell/input1156.in output_training_correct_cell/output1156.out
 HINT in environment.F:814 The compiler target flags (generic) used to build
   this binary cannot exploit all extensions of this CPU model (x86_avx2).
   Consider compiler target flags as part of FCFLAGS and CFLAGS (ARCH file).
INPUT and OUTPUT File input_training_correct_cell/input1160.in output_training_correct_cell/output1160.out
Using input_training_correct_cell/input1160.in output_training_correct_cell/output1160.out
 HINT in environment.F:814 The compiler target flags (generic) used to build
   this binary cannot exploit all extensions of this CPU model (x86_avx2).
   Consider compiler target flags as part of FCFLAGS and CFLAGS (ARCH file).
INPUT and OUTPUT File input_training_correct_cell/input1164.in output_training_correct_cell/output1164.out
Using input_training_correct_cell/input1164.in output_training_correct_cell/output1164.out
 HINT in environment.F:814 The compiler target flags (generic) used to build
   this binary cannot exploit all extensions of this CPU model (x86_avx2).
   Consider compiler target flags as part of FCFLAGS and CFLAGS (ARCH file).
INPUT and OUTPUT File input_training_correct_cell/input1168.in output_training_correct_cell/output1168.out
Using input_training_correct_cell/input1168.in output_training_correct_cell/output1168.out
 HINT in environment.F:814 The compiler target flags (generic) used to build
   this binary cannot exploit all extensions of this CPU model (x86_avx2).
   Consider compiler target flags as part of FCFLAGS and CFLAGS (ARCH file).
INPUT and OUTPUT File input_training_correct_cell/input1172.in output_training_correct_cell/output1172.out
Using input_training_correct_cell/input1172.in output_training_correct_cell/output1172.out
 HINT in environment.F:814 The compiler target flags (generic) used to build
   this binary cannot exploit all extensions of this CPU model (x86_avx2).
   Consider compiler target flags as part of FCFLAGS and CFLAGS (ARCH file).
INPUT and OUTPUT File input_training_correct_cell/input1176.in output_training_correct_cell/output1176.out
Using input_training_correct_cell/input1176.in output_training_correct_cell/output1176.out
 HINT in environment.F:814 The compiler target flags (generic) used to build
   this binary cannot exploit all extensions of this CPU model (x86_avx2).
   Consider compiler target flags as part of FCFLAGS and CFLAGS (ARCH file).
INPUT and OUTPUT File input_training_correct_cell/input1180.in output_training_correct_cell/output1180.out
Using input_training_correct_cell/input1180.in output_training_correct_cell/output1180.out
 HINT in environment.F:814 The compiler target flags (generic) used to build
   this binary cannot exploit all extensions of this CPU model (x86_avx2).
   Consider compiler target flags as part of FCFLAGS and CFLAGS (ARCH file).
INPUT and OUTPUT File input_training_correct_cell/input1184.in output_training_correct_cell/output1184.out
Using input_training_correct_cell/input1184.in output_training_correct_cell/output1184.out
 HINT in environment.F:814 The compiler target flags (generic) used to build
   this binary cannot exploit all extensions of this CPU model (x86_avx2).
   Consider compiler target flags as part of FCFLAGS and CFLAGS (ARCH file).
INPUT and OUTPUT File input_training_correct_cell/input1188.in output_training_correct_cell/output1188.out
Using input_training_correct_cell/input1188.in output_training_correct_cell/output1188.out
 HINT in environment.F:814 The compiler target flags (generic) used to build
   this binary cannot exploit all extensions of this CPU model (x86_avx2).
   Consider compiler target flags as part of FCFLAGS and CFLAGS (ARCH file).
INPUT and OUTPUT File input_training_correct_cell/input1192.in output_training_correct_cell/output1192.out
Using input_training_correct_cell/input1192.in output_training_correct_cell/output1192.out
 HINT in environment.F:814 The compiler target flags (generic) used to build
   this binary cannot exploit all extensions of this CPU model (x86_avx2).
   Consider compiler target flags as part of FCFLAGS and CFLAGS (ARCH file).
INPUT and OUTPUT File input_training_correct_cell/input1196.in output_training_correct_cell/output1196.out
Using input_training_correct_cell/input1196.in output_training_correct_cell/output1196.out
 HINT in environment.F:814 The compiler target flags (generic) used to build
   this binary cannot exploit all extensions of this CPU model (x86_avx2).
   Consider compiler target flags as part of FCFLAGS and CFLAGS (ARCH file).
INPUT and OUTPUT File input_training_correct_cell/input1200.in output_training_correct_cell/output1200.out
Using input_training_correct_cell/input1200.in output_training_correct_cell/output1200.out
 HINT in environment.F:814 The compiler target flags (generic) used to build
   this binary cannot exploit all extensions of this CPU model (x86_avx2).
   Consider compiler target flags as part of FCFLAGS and CFLAGS (ARCH file).
INPUT and OUTPUT File input_training_correct_cell/input1204.in output_training_correct_cell/output1204.out
Using input_training_correct_cell/input1204.in output_training_correct_cell/output1204.out
 HINT in environment.F:814 The compiler target flags (generic) used to build
   this binary cannot exploit all extensions of this CPU model (x86_avx2).
   Consider compiler target flags as part of FCFLAGS and CFLAGS (ARCH file).
INPUT and OUTPUT File input_training_correct_cell/input1208.in output_training_correct_cell/output1208.out
Using input_training_correct_cell/input1208.in output_training_correct_cell/output1208.out
 HINT in environment.F:814 The compiler target flags (generic) used to build
   this binary cannot exploit all extensions of this CPU model (x86_avx2).
   Consider compiler target flags as part of FCFLAGS and CFLAGS (ARCH file).
INPUT and OUTPUT File input_training_correct_cell/input1212.in output_training_correct_cell/output1212.out
Using input_training_correct_cell/input1212.in output_training_correct_cell/output1212.out
 HINT in environment.F:814 The compiler target flags (generic) used to build
   this binary cannot exploit all extensions of this CPU model (x86_avx2).
   Consider compiler target flags as part of FCFLAGS and CFLAGS (ARCH file).
INPUT and OUTPUT File input_training_correct_cell/input1216.in output_training_correct_cell/output1216.out
Using input_training_correct_cell/input1216.in output_training_correct_cell/output1216.out
 HINT in environment.F:814 The compiler target flags (generic) used to build
   this binary cannot exploit all extensions of this CPU model (x86_avx2).
   Consider compiler target flags as part of FCFLAGS and CFLAGS (ARCH file).
INPUT and OUTPUT File input_training_correct_cell/input1220.in output_training_correct_cell/output1220.out
Using input_training_correct_cell/input1220.in output_training_correct_cell/output1220.out
 HINT in environment.F:814 The compiler target flags (generic) used to build
   this binary cannot exploit all extensions of this CPU model (x86_avx2).
   Consider compiler target flags as part of FCFLAGS and CFLAGS (ARCH file).
INPUT and OUTPUT File input_training_correct_cell/input1224.in output_training_correct_cell/output1224.out
Using input_training_correct_cell/input1224.in output_training_correct_cell/output1224.out
 HINT in environment.F:814 The compiler target flags (generic) used to build
   this binary cannot exploit all extensions of this CPU model (x86_avx2).
   Consider compiler target flags as part of FCFLAGS and CFLAGS (ARCH file).
INPUT and OUTPUT File input_training_correct_cell/input1228.in output_training_correct_cell/output1228.out
Using input_training_correct_cell/input1228.in output_training_correct_cell/output1228.out
 HINT in environment.F:814 The compiler target flags (generic) used to build
   this binary cannot exploit all extensions of this CPU model (x86_avx2).
   Consider compiler target flags as part of FCFLAGS and CFLAGS (ARCH file).
INPUT and OUTPUT File input_training_correct_cell/input1232.in output_training_correct_cell/output1232.out
Using input_training_correct_cell/input1232.in output_training_correct_cell/output1232.out
 HINT in environment.F:814 The compiler target flags (generic) used to build
   this binary cannot exploit all extensions of this CPU model (x86_avx2).
   Consider compiler target flags as part of FCFLAGS and CFLAGS (ARCH file).
INPUT and OUTPUT File input_training_correct_cell/input1236.in output_training_correct_cell/output1236.out
Using input_training_correct_cell/input1236.in output_training_correct_cell/output1236.out
 HINT in environment.F:814 The compiler target flags (generic) used to build
   this binary cannot exploit all extensions of this CPU model (x86_avx2).
   Consider compiler target flags as part of FCFLAGS and CFLAGS (ARCH file).
INPUT and OUTPUT File input_training_correct_cell/input1240.in output_training_correct_cell/output1240.out
Using input_training_correct_cell/input1240.in output_training_correct_cell/output1240.out
 HINT in environment.F:814 The compiler target flags (generic) used to build
   this binary cannot exploit all extensions of this CPU model (x86_avx2).
   Consider compiler target flags as part of FCFLAGS and CFLAGS (ARCH file).
INPUT and OUTPUT File input_training_correct_cell/input1244.in output_training_correct_cell/output1244.out
Using input_training_correct_cell/input1244.in output_training_correct_cell/output1244.out
 HINT in environment.F:814 The compiler target flags (generic) used to build
   this binary cannot exploit all extensions of this CPU model (x86_avx2).
   Consider compiler target flags as part of FCFLAGS and CFLAGS (ARCH file).
INPUT and OUTPUT File input_training_correct_cell/input1248.in output_training_correct_cell/output1248.out
Using input_training_correct_cell/input1248.in output_training_correct_cell/output1248.out
 HINT in environment.F:814 The compiler target flags (generic) used to build
   this binary cannot exploit all extensions of this CPU model (x86_avx2).
   Consider compiler target flags as part of FCFLAGS and CFLAGS (ARCH file).
INPUT and OUTPUT File input_training_correct_cell/input1252.in output_training_correct_cell/output1252.out
Using input_training_correct_cell/input1252.in output_training_correct_cell/output1252.out
 HINT in environment.F:814 The compiler target flags (generic) used to build
   this binary cannot exploit all extensions of this CPU model (x86_avx2).
   Consider compiler target flags as part of FCFLAGS and CFLAGS (ARCH file).
INPUT and OUTPUT File input_training_correct_cell/input1256.in output_training_correct_cell/output1256.out
Using input_training_correct_cell/input1256.in output_training_correct_cell/output1256.out
 HINT in environment.F:814 The compiler target flags (generic) used to build
   this binary cannot exploit all extensions of this CPU model (x86_avx2).
   Consider compiler target flags as part of FCFLAGS and CFLAGS (ARCH file).
INPUT and OUTPUT File input_training_correct_cell/input1260.in output_training_correct_cell/output1260.out
Using input_training_correct_cell/input1260.in output_training_correct_cell/output1260.out
 HINT in environment.F:814 The compiler target flags (generic) used to build
   this binary cannot exploit all extensions of this CPU model (x86_avx2).
   Consider compiler target flags as part of FCFLAGS and CFLAGS (ARCH file).
INPUT and OUTPUT File input_training_correct_cell/input1264.in output_training_correct_cell/output1264.out
Using input_training_correct_cell/input1264.in output_training_correct_cell/output1264.out
 HINT in environment.F:814 The compiler target flags (generic) used to build
   this binary cannot exploit all extensions of this CPU model (x86_avx2).
   Consider compiler target flags as part of FCFLAGS and CFLAGS (ARCH file).
INPUT and OUTPUT File input_training_correct_cell/input1268.in output_training_correct_cell/output1268.out
Using input_training_correct_cell/input1268.in output_training_correct_cell/output1268.out
 HINT in environment.F:814 The compiler target flags (generic) used to build
   this binary cannot exploit all extensions of this CPU model (x86_avx2).
   Consider compiler target flags as part of FCFLAGS and CFLAGS (ARCH file).
INPUT and OUTPUT File input_training_correct_cell/input1272.in output_training_correct_cell/output1272.out
Using input_training_correct_cell/input1272.in output_training_correct_cell/output1272.out
 HINT in environment.F:814 The compiler target flags (generic) used to build
   this binary cannot exploit all extensions of this CPU model (x86_avx2).
   Consider compiler target flags as part of FCFLAGS and CFLAGS (ARCH file).
INPUT and OUTPUT File input_training_correct_cell/input1276.in output_training_correct_cell/output1276.out
Using input_training_correct_cell/input1276.in output_training_correct_cell/output1276.out
 HINT in environment.F:814 The compiler target flags (generic) used to build
   this binary cannot exploit all extensions of this CPU model (x86_avx2).
   Consider compiler target flags as part of FCFLAGS and CFLAGS (ARCH file).
INPUT and OUTPUT File input_training_correct_cell/input1280.in output_training_correct_cell/output1280.out
Using input_training_correct_cell/input1280.in output_training_correct_cell/output1280.out
 HINT in environment.F:814 The compiler target flags (generic) used to build
   this binary cannot exploit all extensions of this CPU model (x86_avx2).
   Consider compiler target flags as part of FCFLAGS and CFLAGS (ARCH file).
INPUT and OUTPUT File input_training_correct_cell/input1284.in output_training_correct_cell/output1284.out
Using input_training_correct_cell/input1284.in output_training_correct_cell/output1284.out
 HINT in environment.F:814 The compiler target flags (generic) used to build
   this binary cannot exploit all extensions of this CPU model (x86_avx2).
   Consider compiler target flags as part of FCFLAGS and CFLAGS (ARCH file).
INPUT and OUTPUT File input_training_correct_cell/input1288.in output_training_correct_cell/output1288.out
Using input_training_correct_cell/input1288.in output_training_correct_cell/output1288.out
 HINT in environment.F:814 The compiler target flags (generic) used to build
   this binary cannot exploit all extensions of this CPU model (x86_avx2).
   Consider compiler target flags as part of FCFLAGS and CFLAGS (ARCH file).
INPUT and OUTPUT File input_training_correct_cell/input1292.in output_training_correct_cell/output1292.out
Using input_training_correct_cell/input1292.in output_training_correct_cell/output1292.out
 HINT in environment.F:814 The compiler target flags (generic) used to build
   this binary cannot exploit all extensions of this CPU model (x86_avx2).
   Consider compiler target flags as part of FCFLAGS and CFLAGS (ARCH file).
INPUT and OUTPUT File input_training_correct_cell/input1296.in output_training_correct_cell/output1296.out
Using input_training_correct_cell/input1296.in output_training_correct_cell/output1296.out
 HINT in environment.F:814 The compiler target flags (generic) used to build
   this binary cannot exploit all extensions of this CPU model (x86_avx2).
   Consider compiler target flags as part of FCFLAGS and CFLAGS (ARCH file).
INPUT and OUTPUT File input_training_correct_cell/input1300.in output_training_correct_cell/output1300.out
Using input_training_correct_cell/input1300.in output_training_correct_cell/output1300.out
 HINT in environment.F:814 The compiler target flags (generic) used to build
   this binary cannot exploit all extensions of this CPU model (x86_avx2).
   Consider compiler target flags as part of FCFLAGS and CFLAGS (ARCH file).
INPUT and OUTPUT File input_training_correct_cell/input1304.in output_training_correct_cell/output1304.out
Using input_training_correct_cell/input1304.in output_training_correct_cell/output1304.out
 HINT in environment.F:814 The compiler target flags (generic) used to build
   this binary cannot exploit all extensions of this CPU model (x86_avx2).
   Consider compiler target flags as part of FCFLAGS and CFLAGS (ARCH file).
INPUT and OUTPUT File input_training_correct_cell/input1308.in output_training_correct_cell/output1308.out
Using input_training_correct_cell/input1308.in output_training_correct_cell/output1308.out
 HINT in environment.F:814 The compiler target flags (generic) used to build
   this binary cannot exploit all extensions of this CPU model (x86_avx2).
   Consider compiler target flags as part of FCFLAGS and CFLAGS (ARCH file).
INPUT and OUTPUT File input_training_correct_cell/input1312.in output_training_correct_cell/output1312.out
Using input_training_correct_cell/input1312.in output_training_correct_cell/output1312.out
 HINT in environment.F:814 The compiler target flags (generic) used to build
   this binary cannot exploit all extensions of this CPU model (x86_avx2).
   Consider compiler target flags as part of FCFLAGS and CFLAGS (ARCH file).
INPUT and OUTPUT File input_training_correct_cell/input1316.in output_training_correct_cell/output1316.out
Using input_training_correct_cell/input1316.in output_training_correct_cell/output1316.out
 HINT in environment.F:814 The compiler target flags (generic) used to build
   this binary cannot exploit all extensions of this CPU model (x86_avx2).
   Consider compiler target flags as part of FCFLAGS and CFLAGS (ARCH file).
INPUT and OUTPUT File input_training_correct_cell/input1320.in output_training_correct_cell/output1320.out
Using input_training_correct_cell/input1320.in output_training_correct_cell/output1320.out
 HINT in environment.F:814 The compiler target flags (generic) used to build
   this binary cannot exploit all extensions of this CPU model (x86_avx2).
   Consider compiler target flags as part of FCFLAGS and CFLAGS (ARCH file).
INPUT and OUTPUT File input_training_correct_cell/input1324.in output_training_correct_cell/output1324.out
Using input_training_correct_cell/input1324.in output_training_correct_cell/output1324.out
 HINT in environment.F:814 The compiler target flags (generic) used to build
   this binary cannot exploit all extensions of this CPU model (x86_avx2).
   Consider compiler target flags as part of FCFLAGS and CFLAGS (ARCH file).
INPUT and OUTPUT File input_training_correct_cell/input1328.in output_training_correct_cell/output1328.out
Using input_training_correct_cell/input1328.in output_training_correct_cell/output1328.out
 HINT in environment.F:814 The compiler target flags (generic) used to build
   this binary cannot exploit all extensions of this CPU model (x86_avx2).
   Consider compiler target flags as part of FCFLAGS and CFLAGS (ARCH file).
INPUT and OUTPUT File input_training_correct_cell/input1332.in output_training_correct_cell/output1332.out
Using input_training_correct_cell/input1332.in output_training_correct_cell/output1332.out
 HINT in environment.F:814 The compiler target flags (generic) used to build
   this binary cannot exploit all extensions of this CPU model (x86_avx2).
   Consider compiler target flags as part of FCFLAGS and CFLAGS (ARCH file).
INPUT and OUTPUT File input_training_correct_cell/input1336.in output_training_correct_cell/output1336.out
Using input_training_correct_cell/input1336.in output_training_correct_cell/output1336.out
 HINT in environment.F:814 The compiler target flags (generic) used to build
   this binary cannot exploit all extensions of this CPU model (x86_avx2).
   Consider compiler target flags as part of FCFLAGS and CFLAGS (ARCH file).
INPUT and OUTPUT File input_training_correct_cell/input1340.in output_training_correct_cell/output1340.out
Using input_training_correct_cell/input1340.in output_training_correct_cell/output1340.out
 HINT in environment.F:814 The compiler target flags (generic) used to build
   this binary cannot exploit all extensions of this CPU model (x86_avx2).
   Consider compiler target flags as part of FCFLAGS and CFLAGS (ARCH file).
INPUT and OUTPUT File input_training_correct_cell/input1344.in output_training_correct_cell/output1344.out
Using input_training_correct_cell/input1344.in output_training_correct_cell/output1344.out
 HINT in environment.F:814 The compiler target flags (generic) used to build
   this binary cannot exploit all extensions of this CPU model (x86_avx2).
   Consider compiler target flags as part of FCFLAGS and CFLAGS (ARCH file).
INPUT and OUTPUT File input_training_correct_cell/input1348.in output_training_correct_cell/output1348.out
Using input_training_correct_cell/input1348.in output_training_correct_cell/output1348.out
 HINT in environment.F:814 The compiler target flags (generic) used to build
   this binary cannot exploit all extensions of this CPU model (x86_avx2).
   Consider compiler target flags as part of FCFLAGS and CFLAGS (ARCH file).
INPUT and OUTPUT File input_training_correct_cell/input1352.in output_training_correct_cell/output1352.out
Using input_training_correct_cell/input1352.in output_training_correct_cell/output1352.out
 HINT in environment.F:814 The compiler target flags (generic) used to build
   this binary cannot exploit all extensions of this CPU model (x86_avx2).
   Consider compiler target flags as part of FCFLAGS and CFLAGS (ARCH file).
INPUT and OUTPUT File input_training_correct_cell/input1356.in output_training_correct_cell/output1356.out
Using input_training_correct_cell/input1356.in output_training_correct_cell/output1356.out
 HINT in environment.F:814 The compiler target flags (generic) used to build
   this binary cannot exploit all extensions of this CPU model (x86_avx2).
   Consider compiler target flags as part of FCFLAGS and CFLAGS (ARCH file).
INPUT and OUTPUT File input_training_correct_cell/input1360.in output_training_correct_cell/output1360.out
Using input_training_correct_cell/input1360.in output_training_correct_cell/output1360.out
 HINT in environment.F:814 The compiler target flags (generic) used to build
   this binary cannot exploit all extensions of this CPU model (x86_avx2).
   Consider compiler target flags as part of FCFLAGS and CFLAGS (ARCH file).
INPUT and OUTPUT File input_training_correct_cell/input1364.in output_training_correct_cell/output1364.out
Using input_training_correct_cell/input1364.in output_training_correct_cell/output1364.out
 HINT in environment.F:814 The compiler target flags (generic) used to build
   this binary cannot exploit all extensions of this CPU model (x86_avx2).
   Consider compiler target flags as part of FCFLAGS and CFLAGS (ARCH file).
INPUT and OUTPUT File input_training_correct_cell/input1368.in output_training_correct_cell/output1368.out
Using input_training_correct_cell/input1368.in output_training_correct_cell/output1368.out
 HINT in environment.F:814 The compiler target flags (generic) used to build
   this binary cannot exploit all extensions of this CPU model (x86_avx2).
   Consider compiler target flags as part of FCFLAGS and CFLAGS (ARCH file).
INPUT and OUTPUT File input_training_correct_cell/input1372.in output_training_correct_cell/output1372.out
Using input_training_correct_cell/input1372.in output_training_correct_cell/output1372.out
 HINT in environment.F:814 The compiler target flags (generic) used to build
   this binary cannot exploit all extensions of this CPU model (x86_avx2).
   Consider compiler target flags as part of FCFLAGS and CFLAGS (ARCH file).
INPUT and OUTPUT File input_training_correct_cell/input1376.in output_training_correct_cell/output1376.out
Using input_training_correct_cell/input1376.in output_training_correct_cell/output1376.out
 HINT in environment.F:814 The compiler target flags (generic) used to build
   this binary cannot exploit all extensions of this CPU model (x86_avx2).
   Consider compiler target flags as part of FCFLAGS and CFLAGS (ARCH file).
INPUT and OUTPUT File input_training_correct_cell/input1380.in output_training_correct_cell/output1380.out
Using input_training_correct_cell/input1380.in output_training_correct_cell/output1380.out
 HINT in environment.F:814 The compiler target flags (generic) used to build
   this binary cannot exploit all extensions of this CPU model (x86_avx2).
   Consider compiler target flags as part of FCFLAGS and CFLAGS (ARCH file).
INPUT and OUTPUT File input_training_correct_cell/input1384.in output_training_correct_cell/output1384.out
Using input_training_correct_cell/input1384.in output_training_correct_cell/output1384.out
 HINT in environment.F:814 The compiler target flags (generic) used to build
   this binary cannot exploit all extensions of this CPU model (x86_avx2).
   Consider compiler target flags as part of FCFLAGS and CFLAGS (ARCH file).
INPUT and OUTPUT File input_training_correct_cell/input1388.in output_training_correct_cell/output1388.out
Using input_training_correct_cell/input1388.in output_training_correct_cell/output1388.out
 HINT in environment.F:814 The compiler target flags (generic) used to build
   this binary cannot exploit all extensions of this CPU model (x86_avx2).
   Consider compiler target flags as part of FCFLAGS and CFLAGS (ARCH file).
INPUT and OUTPUT File input_training_correct_cell/input1392.in output_training_correct_cell/output1392.out
Using input_training_correct_cell/input1392.in output_training_correct_cell/output1392.out
 HINT in environment.F:814 The compiler target flags (generic) used to build
   this binary cannot exploit all extensions of this CPU model (x86_avx2).
   Consider compiler target flags as part of FCFLAGS and CFLAGS (ARCH file).
INPUT and OUTPUT File input_training_correct_cell/input1396.in output_training_correct_cell/output1396.out
Using input_training_correct_cell/input1396.in output_training_correct_cell/output1396.out
 HINT in environment.F:814 The compiler target flags (generic) used to build
   this binary cannot exploit all extensions of this CPU model (x86_avx2).
   Consider compiler target flags as part of FCFLAGS and CFLAGS (ARCH file).
INPUT and OUTPUT File input_training_correct_cell/input1400.in output_training_correct_cell/output1400.out
Using input_training_correct_cell/input1400.in output_training_correct_cell/output1400.out
 HINT in environment.F:814 The compiler target flags (generic) used to build
   this binary cannot exploit all extensions of this CPU model (x86_avx2).
   Consider compiler target flags as part of FCFLAGS and CFLAGS (ARCH file).
INPUT and OUTPUT File input_training_correct_cell/input1404.in output_training_correct_cell/output1404.out
Using input_training_correct_cell/input1404.in output_training_correct_cell/output1404.out
 HINT in environment.F:814 The compiler target flags (generic) used to build
   this binary cannot exploit all extensions of this CPU model (x86_avx2).
   Consider compiler target flags as part of FCFLAGS and CFLAGS (ARCH file).
INPUT and OUTPUT File input_training_correct_cell/input1408.in output_training_correct_cell/output1408.out
Using input_training_correct_cell/input1408.in output_training_correct_cell/output1408.out
 HINT in environment.F:814 The compiler target flags (generic) used to build
   this binary cannot exploit all extensions of this CPU model (x86_avx2).
   Consider compiler target flags as part of FCFLAGS and CFLAGS (ARCH file).
INPUT and OUTPUT File input_training_correct_cell/input1412.in output_training_correct_cell/output1412.out
Using input_training_correct_cell/input1412.in output_training_correct_cell/output1412.out
 HINT in environment.F:814 The compiler target flags (generic) used to build
   this binary cannot exploit all extensions of this CPU model (x86_avx2).
   Consider compiler target flags as part of FCFLAGS and CFLAGS (ARCH file).
INPUT and OUTPUT File input_training_correct_cell/input1416.in output_training_correct_cell/output1416.out
Using input_training_correct_cell/input1416.in output_training_correct_cell/output1416.out
 HINT in environment.F:814 The compiler target flags (generic) used to build
   this binary cannot exploit all extensions of this CPU model (x86_avx2).
   Consider compiler target flags as part of FCFLAGS and CFLAGS (ARCH file).
INPUT and OUTPUT File input_training_correct_cell/input1420.in output_training_correct_cell/output1420.out
Using input_training_correct_cell/input1420.in output_training_correct_cell/output1420.out
 HINT in environment.F:814 The compiler target flags (generic) used to build
   this binary cannot exploit all extensions of this CPU model (x86_avx2).
   Consider compiler target flags as part of FCFLAGS and CFLAGS (ARCH file).
INPUT and OUTPUT File input_training_correct_cell/input1424.in output_training_correct_cell/output1424.out
Using input_training_correct_cell/input1424.in output_training_correct_cell/output1424.out
 HINT in environment.F:814 The compiler target flags (generic) used to build
   this binary cannot exploit all extensions of this CPU model (x86_avx2).
   Consider compiler target flags as part of FCFLAGS and CFLAGS (ARCH file).
INPUT and OUTPUT File input_training_correct_cell/input1428.in output_training_correct_cell/output1428.out
Using input_training_correct_cell/input1428.in output_training_correct_cell/output1428.out
 HINT in environment.F:814 The compiler target flags (generic) used to build
   this binary cannot exploit all extensions of this CPU model (x86_avx2).
   Consider compiler target flags as part of FCFLAGS and CFLAGS (ARCH file).
INPUT and OUTPUT File input_training_correct_cell/input1432.in output_training_correct_cell/output1432.out
Using input_training_correct_cell/input1432.in output_training_correct_cell/output1432.out
 HINT in environment.F:814 The compiler target flags (generic) used to build
   this binary cannot exploit all extensions of this CPU model (x86_avx2).
   Consider compiler target flags as part of FCFLAGS and CFLAGS (ARCH file).
INPUT and OUTPUT File input_training_correct_cell/input1436.in output_training_correct_cell/output1436.out
Using input_training_correct_cell/input1436.in output_training_correct_cell/output1436.out
 HINT in environment.F:814 The compiler target flags (generic) used to build
   this binary cannot exploit all extensions of this CPU model (x86_avx2).
   Consider compiler target flags as part of FCFLAGS and CFLAGS (ARCH file).
INPUT and OUTPUT File input_training_correct_cell/input1440.in output_training_correct_cell/output1440.out
Using input_training_correct_cell/input1440.in output_training_correct_cell/output1440.out
 HINT in environment.F:814 The compiler target flags (generic) used to build
   this binary cannot exploit all extensions of this CPU model (x86_avx2).
   Consider compiler target flags as part of FCFLAGS and CFLAGS (ARCH file).
INPUT and OUTPUT File input_training_correct_cell/input1444.in output_training_correct_cell/output1444.out
Using input_training_correct_cell/input1444.in output_training_correct_cell/output1444.out
 HINT in environment.F:814 The compiler target flags (generic) used to build
   this binary cannot exploit all extensions of this CPU model (x86_avx2).
   Consider compiler target flags as part of FCFLAGS and CFLAGS (ARCH file).
INPUT and OUTPUT File input_training_correct_cell/input1448.in output_training_correct_cell/output1448.out
Using input_training_correct_cell/input1448.in output_training_correct_cell/output1448.out
 HINT in environment.F:814 The compiler target flags (generic) used to build
   this binary cannot exploit all extensions of this CPU model (x86_avx2).
   Consider compiler target flags as part of FCFLAGS and CFLAGS (ARCH file).
INPUT and OUTPUT File input_training_correct_cell/input1452.in output_training_correct_cell/output1452.out
Using input_training_correct_cell/input1452.in output_training_correct_cell/output1452.out
 HINT in environment.F:814 The compiler target flags (generic) used to build
   this binary cannot exploit all extensions of this CPU model (x86_avx2).
   Consider compiler target flags as part of FCFLAGS and CFLAGS (ARCH file).
INPUT and OUTPUT File input_training_correct_cell/input1456.in output_training_correct_cell/output1456.out
Using input_training_correct_cell/input1456.in output_training_correct_cell/output1456.out
 HINT in environment.F:814 The compiler target flags (generic) used to build
   this binary cannot exploit all extensions of this CPU model (x86_avx2).
   Consider compiler target flags as part of FCFLAGS and CFLAGS (ARCH file).
INPUT and OUTPUT File input_training_correct_cell/input1460.in output_training_correct_cell/output1460.out
Using input_training_correct_cell/input1460.in output_training_correct_cell/output1460.out
 HINT in environment.F:814 The compiler target flags (generic) used to build
   this binary cannot exploit all extensions of this CPU model (x86_avx2).
   Consider compiler target flags as part of FCFLAGS and CFLAGS (ARCH file).
INPUT and OUTPUT File input_training_correct_cell/input1464.in output_training_correct_cell/output1464.out
Using input_training_correct_cell/input1464.in output_training_correct_cell/output1464.out
 HINT in environment.F:814 The compiler target flags (generic) used to build
   this binary cannot exploit all extensions of this CPU model (x86_avx2).
   Consider compiler target flags as part of FCFLAGS and CFLAGS (ARCH file).
INPUT and OUTPUT File input_training_correct_cell/input1468.in output_training_correct_cell/output1468.out
Using input_training_correct_cell/input1468.in output_training_correct_cell/output1468.out
 HINT in environment.F:814 The compiler target flags (generic) used to build
   this binary cannot exploit all extensions of this CPU model (x86_avx2).
   Consider compiler target flags as part of FCFLAGS and CFLAGS (ARCH file).
INPUT and OUTPUT File input_training_correct_cell/input1472.in output_training_correct_cell/output1472.out
Using input_training_correct_cell/input1472.in output_training_correct_cell/output1472.out
 HINT in environment.F:814 The compiler target flags (generic) used to build
   this binary cannot exploit all extensions of this CPU model (x86_avx2).
   Consider compiler target flags as part of FCFLAGS and CFLAGS (ARCH file).
INPUT and OUTPUT File input_training_correct_cell/input1476.in output_training_correct_cell/output1476.out
Using input_training_correct_cell/input1476.in output_training_correct_cell/output1476.out
 HINT in environment.F:814 The compiler target flags (generic) used to build
   this binary cannot exploit all extensions of this CPU model (x86_avx2).
   Consider compiler target flags as part of FCFLAGS and CFLAGS (ARCH file).
INPUT and OUTPUT File input_training_correct_cell/input1480.in output_training_correct_cell/output1480.out
Using input_training_correct_cell/input1480.in output_training_correct_cell/output1480.out
 HINT in environment.F:814 The compiler target flags (generic) used to build
   this binary cannot exploit all extensions of this CPU model (x86_avx2).
   Consider compiler target flags as part of FCFLAGS and CFLAGS (ARCH file).
INPUT and OUTPUT File input_training_correct_cell/input1484.in output_training_correct_cell/output1484.out
Using input_training_correct_cell/input1484.in output_training_correct_cell/output1484.out
 HINT in environment.F:814 The compiler target flags (generic) used to build
   this binary cannot exploit all extensions of this CPU model (x86_avx2).
   Consider compiler target flags as part of FCFLAGS and CFLAGS (ARCH file).
INPUT and OUTPUT File input_training_correct_cell/input1488.in output_training_correct_cell/output1488.out
Using input_training_correct_cell/input1488.in output_training_correct_cell/output1488.out
 HINT in environment.F:814 The compiler target flags (generic) used to build
   this binary cannot exploit all extensions of this CPU model (x86_avx2).
   Consider compiler target flags as part of FCFLAGS and CFLAGS (ARCH file).
INPUT and OUTPUT File input_training_correct_cell/input1492.in output_training_correct_cell/output1492.out
Using input_training_correct_cell/input1492.in output_training_correct_cell/output1492.out
 HINT in environment.F:814 The compiler target flags (generic) used to build
   this binary cannot exploit all extensions of this CPU model (x86_avx2).
   Consider compiler target flags as part of FCFLAGS and CFLAGS (ARCH file).
INPUT and OUTPUT File input_training_correct_cell/input1496.in output_training_correct_cell/output1496.out
Using input_training_correct_cell/input1496.in output_training_correct_cell/output1496.out
 HINT in environment.F:814 The compiler target flags (generic) used to build
   this binary cannot exploit all extensions of this CPU model (x86_avx2).
   Consider compiler target flags as part of FCFLAGS and CFLAGS (ARCH file).
INPUT and OUTPUT File input_training_correct_cell/input1500.in output_training_correct_cell/output1500.out
Using input_training_correct_cell/input1500.in output_training_correct_cell/output1500.out
 HINT in environment.F:814 The compiler target flags (generic) used to build
   this binary cannot exploit all extensions of this CPU model (x86_avx2).
   Consider compiler target flags as part of FCFLAGS and CFLAGS (ARCH file).
INPUT and OUTPUT File input_training_correct_cell/input1504.in output_training_correct_cell/output1504.out
Using input_training_correct_cell/input1504.in output_training_correct_cell/output1504.out
 HINT in environment.F:814 The compiler target flags (generic) used to build
   this binary cannot exploit all extensions of this CPU model (x86_avx2).
   Consider compiler target flags as part of FCFLAGS and CFLAGS (ARCH file).
INPUT and OUTPUT File input_training_correct_cell/input1508.in output_training_correct_cell/output1508.out
Using input_training_correct_cell/input1508.in output_training_correct_cell/output1508.out
 HINT in environment.F:814 The compiler target flags (generic) used to build
   this binary cannot exploit all extensions of this CPU model (x86_avx2).
   Consider compiler target flags as part of FCFLAGS and CFLAGS (ARCH file).
INPUT and OUTPUT File input_training_correct_cell/input1512.in output_training_correct_cell/output1512.out
Using input_training_correct_cell/input1512.in output_training_correct_cell/output1512.out
 HINT in environment.F:814 The compiler target flags (generic) used to build
   this binary cannot exploit all extensions of this CPU model (x86_avx2).
   Consider compiler target flags as part of FCFLAGS and CFLAGS (ARCH file).
INPUT and OUTPUT File input_training_correct_cell/input1516.in output_training_correct_cell/output1516.out
Using input_training_correct_cell/input1516.in output_training_correct_cell/output1516.out
 HINT in environment.F:814 The compiler target flags (generic) used to build
   this binary cannot exploit all extensions of this CPU model (x86_avx2).
   Consider compiler target flags as part of FCFLAGS and CFLAGS (ARCH file).
INPUT and OUTPUT File input_training_correct_cell/input1520.in output_training_correct_cell/output1520.out
Using input_training_correct_cell/input1520.in output_training_correct_cell/output1520.out
 HINT in environment.F:814 The compiler target flags (generic) used to build
   this binary cannot exploit all extensions of this CPU model (x86_avx2).
   Consider compiler target flags as part of FCFLAGS and CFLAGS (ARCH file).
INPUT and OUTPUT File input_training_correct_cell/input1524.in output_training_correct_cell/output1524.out
Using input_training_correct_cell/input1524.in output_training_correct_cell/output1524.out
 HINT in environment.F:814 The compiler target flags (generic) used to build
   this binary cannot exploit all extensions of this CPU model (x86_avx2).
   Consider compiler target flags as part of FCFLAGS and CFLAGS (ARCH file).
INPUT and OUTPUT File input_training_correct_cell/input1528.in output_training_correct_cell/output1528.out
Using input_training_correct_cell/input1528.in output_training_correct_cell/output1528.out
 HINT in environment.F:814 The compiler target flags (generic) used to build
   this binary cannot exploit all extensions of this CPU model (x86_avx2).
   Consider compiler target flags as part of FCFLAGS and CFLAGS (ARCH file).
INPUT and OUTPUT File input_training_correct_cell/input1532.in output_training_correct_cell/output1532.out
Using input_training_correct_cell/input1532.in output_training_correct_cell/output1532.out
 HINT in environment.F:814 The compiler target flags (generic) used to build
   this binary cannot exploit all extensions of this CPU model (x86_avx2).
   Consider compiler target flags as part of FCFLAGS and CFLAGS (ARCH file).
INPUT and OUTPUT File input_training_correct_cell/input1536.in output_training_correct_cell/output1536.out
Using input_training_correct_cell/input1536.in output_training_correct_cell/output1536.out
 HINT in environment.F:814 The compiler target flags (generic) used to build
   this binary cannot exploit all extensions of this CPU model (x86_avx2).
   Consider compiler target flags as part of FCFLAGS and CFLAGS (ARCH file).
INPUT and OUTPUT File input_training_correct_cell/input1540.in output_training_correct_cell/output1540.out
Using input_training_correct_cell/input1540.in output_training_correct_cell/output1540.out
 HINT in environment.F:814 The compiler target flags (generic) used to build
   this binary cannot exploit all extensions of this CPU model (x86_avx2).
   Consider compiler target flags as part of FCFLAGS and CFLAGS (ARCH file).
INPUT and OUTPUT File input_training_correct_cell/input1544.in output_training_correct_cell/output1544.out
Using input_training_correct_cell/input1544.in output_training_correct_cell/output1544.out
 HINT in environment.F:814 The compiler target flags (generic) used to build
   this binary cannot exploit all extensions of this CPU model (x86_avx2).
   Consider compiler target flags as part of FCFLAGS and CFLAGS (ARCH file).
INPUT and OUTPUT File input_training_correct_cell/input1548.in output_training_correct_cell/output1548.out
Using input_training_correct_cell/input1548.in output_training_correct_cell/output1548.out
 HINT in environment.F:814 The compiler target flags (generic) used to build
   this binary cannot exploit all extensions of this CPU model (x86_avx2).
   Consider compiler target flags as part of FCFLAGS and CFLAGS (ARCH file).
INPUT and OUTPUT File input_training_correct_cell/input1552.in output_training_correct_cell/output1552.out
Using input_training_correct_cell/input1552.in output_training_correct_cell/output1552.out
 HINT in environment.F:814 The compiler target flags (generic) used to build
   this binary cannot exploit all extensions of this CPU model (x86_avx2).
   Consider compiler target flags as part of FCFLAGS and CFLAGS (ARCH file).
INPUT and OUTPUT File input_training_correct_cell/input1556.in output_training_correct_cell/output1556.out
Using input_training_correct_cell/input1556.in output_training_correct_cell/output1556.out
 HINT in environment.F:814 The compiler target flags (generic) used to build
   this binary cannot exploit all extensions of this CPU model (x86_avx2).
   Consider compiler target flags as part of FCFLAGS and CFLAGS (ARCH file).
INPUT and OUTPUT File input_training_correct_cell/input1560.in output_training_correct_cell/output1560.out
Using input_training_correct_cell/input1560.in output_training_correct_cell/output1560.out
 HINT in environment.F:814 The compiler target flags (generic) used to build
   this binary cannot exploit all extensions of this CPU model (x86_avx2).
   Consider compiler target flags as part of FCFLAGS and CFLAGS (ARCH file).
INPUT and OUTPUT File input_training_correct_cell/input1564.in output_training_correct_cell/output1564.out
Using input_training_correct_cell/input1564.in output_training_correct_cell/output1564.out
 HINT in environment.F:814 The compiler target flags (generic) used to build
   this binary cannot exploit all extensions of this CPU model (x86_avx2).
   Consider compiler target flags as part of FCFLAGS and CFLAGS (ARCH file).
INPUT and OUTPUT File input_training_correct_cell/input1568.in output_training_correct_cell/output1568.out
Using input_training_correct_cell/input1568.in output_training_correct_cell/output1568.out
 HINT in environment.F:814 The compiler target flags (generic) used to build
   this binary cannot exploit all extensions of this CPU model (x86_avx2).
   Consider compiler target flags as part of FCFLAGS and CFLAGS (ARCH file).
INPUT and OUTPUT File input_training_correct_cell/input1572.in output_training_correct_cell/output1572.out
Using input_training_correct_cell/input1572.in output_training_correct_cell/output1572.out
 HINT in environment.F:814 The compiler target flags (generic) used to build
   this binary cannot exploit all extensions of this CPU model (x86_avx2).
   Consider compiler target flags as part of FCFLAGS and CFLAGS (ARCH file).
INPUT and OUTPUT File input_training_correct_cell/input1576.in output_training_correct_cell/output1576.out
Using input_training_correct_cell/input1576.in output_training_correct_cell/output1576.out
 HINT in environment.F:814 The compiler target flags (generic) used to build
   this binary cannot exploit all extensions of this CPU model (x86_avx2).
   Consider compiler target flags as part of FCFLAGS and CFLAGS (ARCH file).
INPUT and OUTPUT File input_training_correct_cell/input1580.in output_training_correct_cell/output1580.out
Using input_training_correct_cell/input1580.in output_training_correct_cell/output1580.out
 HINT in environment.F:814 The compiler target flags (generic) used to build
   this binary cannot exploit all extensions of this CPU model (x86_avx2).
   Consider compiler target flags as part of FCFLAGS and CFLAGS (ARCH file).
INPUT and OUTPUT File input_training_correct_cell/input1584.in output_training_correct_cell/output1584.out
Using input_training_correct_cell/input1584.in output_training_correct_cell/output1584.out
 HINT in environment.F:814 The compiler target flags (generic) used to build
   this binary cannot exploit all extensions of this CPU model (x86_avx2).
   Consider compiler target flags as part of FCFLAGS and CFLAGS (ARCH file).
INPUT and OUTPUT File input_training_correct_cell/input1588.in output_training_correct_cell/output1588.out
Using input_training_correct_cell/input1588.in output_training_correct_cell/output1588.out
 HINT in environment.F:814 The compiler target flags (generic) used to build
   this binary cannot exploit all extensions of this CPU model (x86_avx2).
   Consider compiler target flags as part of FCFLAGS and CFLAGS (ARCH file).
